2025-05-23 19:45:27,288 - INFO - 
--- Trial 0 ---
2025-05-23 19:45:27,288 - INFO - Parametry: {'lr': 1.2680623992695422e-05, 'hidden_size': 64, 'dropout_val': 0.36659078403966616, 'lstm_dropout_val': 0.045245634735052866, 'weight_decay': 5.605386304619153e-06, 'alpha_class_weighting': 0.5960236895536665, 'batch_size': 64, 'eta_min_scheduler': 7.605942035444597e-07}
2025-05-23 19:45:36,762 - INFO - Trial 0, Epoch 1/100, Val Balanced Acc: 0.2065, LR: 0.0000127
2025-05-23 19:45:46,174 - INFO - Trial 0, Epoch 2/100, Val Balanced Acc: 0.2000, LR: 0.0000127
2025-05-23 19:45:55,544 - INFO - Trial 0, Epoch 3/100, Val Balanced Acc: 0.2000, LR: 0.0000127
2025-05-23 19:46:05,127 - INFO - Trial 0, Epoch 4/100, Val Balanced Acc: 0.2000, LR: 0.0000126
2025-05-23 19:46:14,523 - INFO - Trial 0, Epoch 5/100, Val Balanced Acc: 0.2000, LR: 0.0000126
2025-05-23 19:46:24,264 - INFO - Trial 0, Epoch 6/100, Val Balanced Acc: 0.2000, LR: 0.0000126
2025-05-23 19:46:34,339 - INFO - Trial 0, Epoch 7/100, Val Balanced Acc: 0.2000, LR: 0.0000125
2025-05-23 19:46:44,218 - INFO - Trial 0, Epoch 8/100, Val Balanced Acc: 0.2000, LR: 0.0000125
2025-05-23 19:46:54,194 - INFO - Trial 0, Epoch 9/100, Val Balanced Acc: 0.2000, LR: 0.0000124
2025-05-23 19:47:04,134 - INFO - Trial 0, Epoch 10/100, Val Balanced Acc: 0.2000, LR: 0.0000124
2025-05-23 19:47:14,043 - INFO - Trial 0, Epoch 11/100, Val Balanced Acc: 0.2000, LR: 0.0000123
2025-05-23 19:47:23,983 - INFO - Trial 0, Epoch 12/100, Val Balanced Acc: 0.2000, LR: 0.0000123
2025-05-23 19:47:33,878 - INFO - Trial 0, Epoch 13/100, Val Balanced Acc: 0.2000, LR: 0.0000122
2025-05-23 19:47:44,003 - INFO - Trial 0, Epoch 14/100, Val Balanced Acc: 0.2000, LR: 0.0000121
2025-05-23 19:47:53,940 - INFO - Trial 0, Epoch 15/100, Val Balanced Acc: 0.2000, LR: 0.0000120
2025-05-23 19:48:04,313 - INFO - Trial 0, Epoch 16/100, Val Balanced Acc: 0.2000, LR: 0.0000119
2025-05-23 19:48:14,666 - INFO - Trial 0, Epoch 17/100, Val Balanced Acc: 0.2000, LR: 0.0000119
2025-05-23 19:48:25,085 - INFO - Trial 0, Epoch 18/100, Val Balanced Acc: 0.2000, LR: 0.0000118
2025-05-23 19:48:35,324 - INFO - Trial 0, Epoch 19/100, Val Balanced Acc: 0.2000, LR: 0.0000117
2025-05-23 19:48:45,516 - INFO - Trial 0, Epoch 20/100, Val Balanced Acc: 0.2000, LR: 0.0000115
2025-05-23 19:48:55,435 - INFO - Trial 0, Epoch 21/100, Val Balanced Acc: 0.2000, LR: 0.0000114
2025-05-23 19:48:55,435 - INFO - Trial 0: Early stopping at epoch 21.
2025-05-23 19:48:55,437 - INFO - 
--- Trial 1 ---
2025-05-23 19:48:55,437 - INFO - Parametry: {'lr': 4.961414415553215e-05, 'hidden_size': 64, 'dropout_val': 0.2555572230278301, 'lstm_dropout_val': 0.14357495744143792, 'weight_decay': 0.00031292189855929156, 'alpha_class_weighting': 1.1475028397171583, 'batch_size': 16, 'eta_min_scheduler': 1.3069333868973716e-07}
2025-05-23 19:49:17,085 - INFO - Trial 1, Epoch 1/100, Val Balanced Acc: 0.2300, LR: 0.0000496
2025-05-23 19:49:39,035 - INFO - Trial 1, Epoch 2/100, Val Balanced Acc: 0.2768, LR: 0.0000496
2025-05-23 19:50:00,485 - INFO - Trial 1, Epoch 3/100, Val Balanced Acc: 0.2799, LR: 0.0000495
2025-05-23 19:50:21,464 - INFO - Trial 1, Epoch 4/100, Val Balanced Acc: 0.2775, LR: 0.0000494
2025-05-23 19:50:42,846 - INFO - Trial 1, Epoch 5/100, Val Balanced Acc: 0.3148, LR: 0.0000493
2025-05-23 19:51:03,887 - INFO - Trial 1, Epoch 6/100, Val Balanced Acc: 0.3445, LR: 0.0000492
2025-05-23 19:51:25,151 - INFO - Trial 1, Epoch 7/100, Val Balanced Acc: 0.3638, LR: 0.0000490
2025-05-23 19:51:45,906 - INFO - Trial 1, Epoch 8/100, Val Balanced Acc: 0.3864, LR: 0.0000488
2025-05-23 19:52:07,247 - INFO - Trial 1, Epoch 9/100, Val Balanced Acc: 0.3989, LR: 0.0000486
2025-05-23 19:52:28,668 - INFO - Trial 1, Epoch 10/100, Val Balanced Acc: 0.3879, LR: 0.0000484
2025-05-23 19:52:50,468 - INFO - Trial 1, Epoch 11/100, Val Balanced Acc: 0.3539, LR: 0.0000482
2025-05-23 19:53:11,835 - INFO - Trial 1, Epoch 12/100, Val Balanced Acc: 0.3919, LR: 0.0000479
2025-05-23 19:53:32,793 - INFO - Trial 1, Epoch 13/100, Val Balanced Acc: 0.4015, LR: 0.0000476
2025-05-23 19:53:54,569 - INFO - Trial 1, Epoch 14/100, Val Balanced Acc: 0.3864, LR: 0.0000473
2025-05-23 19:54:15,734 - INFO - Trial 1, Epoch 15/100, Val Balanced Acc: 0.4099, LR: 0.0000469
2025-05-23 19:54:36,607 - INFO - Trial 1, Epoch 16/100, Val Balanced Acc: 0.4104, LR: 0.0000466
2025-05-23 19:54:58,064 - INFO - Trial 1, Epoch 17/100, Val Balanced Acc: 0.3817, LR: 0.0000462
2025-05-23 19:55:18,700 - INFO - Trial 1, Epoch 18/100, Val Balanced Acc: 0.4028, LR: 0.0000458
2025-05-23 19:55:39,468 - INFO - Trial 1, Epoch 19/100, Val Balanced Acc: 0.4231, LR: 0.0000453
2025-05-23 19:56:00,106 - INFO - Trial 1, Epoch 20/100, Val Balanced Acc: 0.3796, LR: 0.0000449
2025-05-23 19:56:20,801 - INFO - Trial 1, Epoch 21/100, Val Balanced Acc: 0.3972, LR: 0.0000444
2025-05-23 19:56:41,983 - INFO - Trial 1, Epoch 22/100, Val Balanced Acc: 0.4165, LR: 0.0000439
2025-05-23 19:57:03,124 - INFO - Trial 1, Epoch 23/100, Val Balanced Acc: 0.4217, LR: 0.0000434
2025-05-23 19:57:24,287 - INFO - Trial 1, Epoch 24/100, Val Balanced Acc: 0.4211, LR: 0.0000429
2025-05-23 19:57:45,854 - INFO - Trial 1, Epoch 25/100, Val Balanced Acc: 0.4293, LR: 0.0000424
2025-05-23 19:58:07,522 - INFO - Trial 1, Epoch 26/100, Val Balanced Acc: 0.4356, LR: 0.0000418
2025-05-23 19:58:28,472 - INFO - Trial 1, Epoch 27/100, Val Balanced Acc: 0.4329, LR: 0.0000412
2025-05-23 19:58:49,666 - INFO - Trial 1, Epoch 28/100, Val Balanced Acc: 0.4610, LR: 0.0000406
2025-05-23 19:59:10,513 - INFO - Trial 1, Epoch 29/100, Val Balanced Acc: 0.4611, LR: 0.0000400
2025-05-23 19:59:31,613 - INFO - Trial 1, Epoch 30/100, Val Balanced Acc: 0.4422, LR: 0.0000394
2025-05-23 19:59:52,436 - INFO - Trial 1, Epoch 31/100, Val Balanced Acc: 0.4411, LR: 0.0000388
2025-05-23 20:00:13,664 - INFO - Trial 1, Epoch 32/100, Val Balanced Acc: 0.4577, LR: 0.0000381
2025-05-23 20:00:34,935 - INFO - Trial 1, Epoch 33/100, Val Balanced Acc: 0.4405, LR: 0.0000375
2025-05-23 20:00:56,085 - INFO - Trial 1, Epoch 34/100, Val Balanced Acc: 0.4409, LR: 0.0000368
2025-05-23 20:01:16,937 - INFO - Trial 1, Epoch 35/100, Val Balanced Acc: 0.4281, LR: 0.0000361
2025-05-23 20:01:38,412 - INFO - Trial 1, Epoch 36/100, Val Balanced Acc: 0.4387, LR: 0.0000354
2025-05-23 20:01:59,465 - INFO - Trial 1, Epoch 37/100, Val Balanced Acc: 0.4664, LR: 0.0000347
2025-05-23 20:02:19,969 - INFO - Trial 1, Epoch 38/100, Val Balanced Acc: 0.4452, LR: 0.0000340
2025-05-23 20:02:40,959 - INFO - Trial 1, Epoch 39/100, Val Balanced Acc: 0.4577, LR: 0.0000333
2025-05-23 20:03:02,001 - INFO - Trial 1, Epoch 40/100, Val Balanced Acc: 0.4574, LR: 0.0000325
2025-05-23 20:03:22,772 - INFO - Trial 1, Epoch 41/100, Val Balanced Acc: 0.4837, LR: 0.0000318
2025-05-23 20:03:44,153 - INFO - Trial 1, Epoch 42/100, Val Balanced Acc: 0.4927, LR: 0.0000310
2025-05-23 20:04:04,842 - INFO - Trial 1, Epoch 43/100, Val Balanced Acc: 0.4480, LR: 0.0000303
2025-05-23 20:04:25,927 - INFO - Trial 1, Epoch 44/100, Val Balanced Acc: 0.4576, LR: 0.0000295
2025-05-23 20:04:46,854 - INFO - Trial 1, Epoch 45/100, Val Balanced Acc: 0.4852, LR: 0.0000287
2025-05-23 20:05:08,141 - INFO - Trial 1, Epoch 46/100, Val Balanced Acc: 0.4645, LR: 0.0000280
2025-05-23 20:05:29,884 - INFO - Trial 1, Epoch 47/100, Val Balanced Acc: 0.4516, LR: 0.0000272
2025-05-23 20:05:50,584 - INFO - Trial 1, Epoch 48/100, Val Balanced Acc: 0.4510, LR: 0.0000264
2025-05-23 20:06:11,588 - INFO - Trial 1, Epoch 49/100, Val Balanced Acc: 0.4625, LR: 0.0000256
2025-05-23 20:06:32,164 - INFO - Trial 1, Epoch 50/100, Val Balanced Acc: 0.4759, LR: 0.0000249
2025-05-23 20:06:52,837 - INFO - Trial 1, Epoch 51/100, Val Balanced Acc: 0.4917, LR: 0.0000241
2025-05-23 20:07:13,789 - INFO - Trial 1, Epoch 52/100, Val Balanced Acc: 0.4987, LR: 0.0000233
2025-05-23 20:07:34,682 - INFO - Trial 1, Epoch 53/100, Val Balanced Acc: 0.4554, LR: 0.0000225
2025-05-23 20:07:55,580 - INFO - Trial 1, Epoch 54/100, Val Balanced Acc: 0.4872, LR: 0.0000218
2025-05-23 20:08:16,499 - INFO - Trial 1, Epoch 55/100, Val Balanced Acc: 0.4886, LR: 0.0000210
2025-05-23 20:08:37,291 - INFO - Trial 1, Epoch 56/100, Val Balanced Acc: 0.4989, LR: 0.0000202
2025-05-23 20:08:58,322 - INFO - Trial 1, Epoch 57/100, Val Balanced Acc: 0.4926, LR: 0.0000195
2025-05-23 20:09:18,819 - INFO - Trial 1, Epoch 58/100, Val Balanced Acc: 0.4879, LR: 0.0000187
2025-05-23 20:09:40,035 - INFO - Trial 1, Epoch 59/100, Val Balanced Acc: 0.4827, LR: 0.0000180
2025-05-23 20:10:01,854 - INFO - Trial 1, Epoch 60/100, Val Balanced Acc: 0.4929, LR: 0.0000172
2025-05-23 20:10:22,945 - INFO - Trial 1, Epoch 61/100, Val Balanced Acc: 0.4993, LR: 0.0000165
2025-05-23 20:10:43,744 - INFO - Trial 1, Epoch 62/100, Val Balanced Acc: 0.4860, LR: 0.0000158
2025-05-23 20:11:04,608 - INFO - Trial 1, Epoch 63/100, Val Balanced Acc: 0.4690, LR: 0.0000150
2025-05-23 20:11:25,442 - INFO - Trial 1, Epoch 64/100, Val Balanced Acc: 0.4719, LR: 0.0000143
2025-05-23 20:11:46,413 - INFO - Trial 1, Epoch 65/100, Val Balanced Acc: 0.4852, LR: 0.0000136
2025-05-23 20:12:07,104 - INFO - Trial 1, Epoch 66/100, Val Balanced Acc: 0.4777, LR: 0.0000130
2025-05-23 20:12:27,595 - INFO - Trial 1, Epoch 67/100, Val Balanced Acc: 0.4838, LR: 0.0000123
2025-05-23 20:12:48,231 - INFO - Trial 1, Epoch 68/100, Val Balanced Acc: 0.4878, LR: 0.0000116
2025-05-23 20:13:09,247 - INFO - Trial 1, Epoch 69/100, Val Balanced Acc: 0.4907, LR: 0.0000110
2025-05-23 20:13:29,813 - INFO - Trial 1, Epoch 70/100, Val Balanced Acc: 0.4936, LR: 0.0000103
2025-05-23 20:13:50,832 - INFO - Trial 1, Epoch 71/100, Val Balanced Acc: 0.4807, LR: 0.0000097
2025-05-23 20:14:11,499 - INFO - Trial 1, Epoch 72/100, Val Balanced Acc: 0.4753, LR: 0.0000091
2025-05-23 20:14:32,267 - INFO - Trial 1, Epoch 73/100, Val Balanced Acc: 0.4775, LR: 0.0000085
2025-05-23 20:14:52,844 - INFO - Trial 1, Epoch 74/100, Val Balanced Acc: 0.4758, LR: 0.0000079
2025-05-23 20:15:13,768 - INFO - Trial 1, Epoch 75/100, Val Balanced Acc: 0.4841, LR: 0.0000074
2025-05-23 20:15:34,548 - INFO - Trial 1, Epoch 76/100, Val Balanced Acc: 0.4865, LR: 0.0000068
2025-05-23 20:15:55,447 - INFO - Trial 1, Epoch 77/100, Val Balanced Acc: 0.4887, LR: 0.0000063
2025-05-23 20:16:16,245 - INFO - Trial 1, Epoch 78/100, Val Balanced Acc: 0.4899, LR: 0.0000058
2025-05-23 20:16:37,221 - INFO - Trial 1, Epoch 79/100, Val Balanced Acc: 0.4880, LR: 0.0000053
2025-05-23 20:16:57,785 - INFO - Trial 1, Epoch 80/100, Val Balanced Acc: 0.4907, LR: 0.0000049
2025-05-23 20:17:18,412 - INFO - Trial 1, Epoch 81/100, Val Balanced Acc: 0.4901, LR: 0.0000044
2025-05-23 20:17:18,416 - INFO - Trial 1: Early stopping at epoch 81.
2025-05-23 20:17:18,480 - INFO - 
--- Trial 2 ---
2025-05-23 20:17:18,480 - INFO - Parametry: {'lr': 1.4086260622970539e-05, 'hidden_size': 128, 'dropout_val': 0.2313458334070453, 'lstm_dropout_val': 0.14832711827564218, 'weight_decay': 0.00028672820697966353, 'alpha_class_weighting': 0.7918770801325956, 'batch_size': 64, 'eta_min_scheduler': 1.40751383314998e-07}
2025-05-23 20:17:28,782 - INFO - Trial 2, Epoch 1/100, Val Balanced Acc: 0.2180, LR: 0.0000141
2025-05-23 20:17:39,099 - INFO - Trial 2, Epoch 2/100, Val Balanced Acc: 0.2093, LR: 0.0000141
2025-05-23 20:17:49,363 - INFO - Trial 2, Epoch 3/100, Val Balanced Acc: 0.2000, LR: 0.0000141
2025-05-23 20:17:59,478 - INFO - Trial 2, Epoch 4/100, Val Balanced Acc: 0.2000, LR: 0.0000140
2025-05-23 20:18:09,638 - INFO - Trial 2, Epoch 5/100, Val Balanced Acc: 0.2000, LR: 0.0000140
2025-05-23 20:18:19,930 - INFO - Trial 2, Epoch 6/100, Val Balanced Acc: 0.2000, LR: 0.0000140
2025-05-23 20:18:29,966 - INFO - Trial 2, Epoch 7/100, Val Balanced Acc: 0.2000, LR: 0.0000139
2025-05-23 20:18:40,034 - INFO - Trial 2, Epoch 8/100, Val Balanced Acc: 0.2000, LR: 0.0000139
2025-05-23 20:18:49,817 - INFO - Trial 2, Epoch 9/100, Val Balanced Acc: 0.2000, LR: 0.0000138
2025-05-23 20:18:59,911 - INFO - Trial 2, Epoch 10/100, Val Balanced Acc: 0.2000, LR: 0.0000137
2025-05-23 20:19:10,195 - INFO - Trial 2, Epoch 11/100, Val Balanced Acc: 0.2000, LR: 0.0000137
2025-05-23 20:19:20,304 - INFO - Trial 2, Epoch 12/100, Val Balanced Acc: 0.2000, LR: 0.0000136
2025-05-23 20:19:30,574 - INFO - Trial 2, Epoch 13/100, Val Balanced Acc: 0.1994, LR: 0.0000135
2025-05-23 20:19:41,098 - INFO - Trial 2, Epoch 14/100, Val Balanced Acc: 0.1982, LR: 0.0000134
2025-05-23 20:19:51,054 - INFO - Trial 2, Epoch 15/100, Val Balanced Acc: 0.2054, LR: 0.0000133
2025-05-23 20:20:01,574 - INFO - Trial 2, Epoch 16/100, Val Balanced Acc: 0.2098, LR: 0.0000132
2025-05-23 20:20:11,779 - INFO - Trial 2, Epoch 17/100, Val Balanced Acc: 0.2245, LR: 0.0000131
2025-05-23 20:20:22,314 - INFO - Trial 2, Epoch 18/100, Val Balanced Acc: 0.2286, LR: 0.0000130
2025-05-23 20:20:32,743 - INFO - Trial 2, Epoch 19/100, Val Balanced Acc: 0.2415, LR: 0.0000129
2025-05-23 20:20:43,107 - INFO - Trial 2, Epoch 20/100, Val Balanced Acc: 0.2478, LR: 0.0000128
2025-05-23 20:20:53,645 - INFO - Trial 2, Epoch 21/100, Val Balanced Acc: 0.2589, LR: 0.0000126
2025-05-23 20:21:03,803 - INFO - Trial 2, Epoch 22/100, Val Balanced Acc: 0.2690, LR: 0.0000125
2025-05-23 20:21:14,170 - INFO - Trial 2, Epoch 23/100, Val Balanced Acc: 0.2879, LR: 0.0000123
2025-05-23 20:21:24,342 - INFO - Trial 2, Epoch 24/100, Val Balanced Acc: 0.2941, LR: 0.0000122
2025-05-23 20:21:34,777 - INFO - Trial 2, Epoch 25/100, Val Balanced Acc: 0.2899, LR: 0.0000120
2025-05-23 20:21:44,777 - INFO - Trial 2, Epoch 26/100, Val Balanced Acc: 0.2933, LR: 0.0000119
2025-05-23 20:21:55,277 - INFO - Trial 2, Epoch 27/100, Val Balanced Acc: 0.3077, LR: 0.0000117
2025-05-23 20:22:05,799 - INFO - Trial 2, Epoch 28/100, Val Balanced Acc: 0.3099, LR: 0.0000116
2025-05-23 20:22:15,950 - INFO - Trial 2, Epoch 29/100, Val Balanced Acc: 0.2997, LR: 0.0000114
2025-05-23 20:22:26,482 - INFO - Trial 2, Epoch 30/100, Val Balanced Acc: 0.3121, LR: 0.0000112
2025-05-23 20:22:36,971 - INFO - Trial 2, Epoch 31/100, Val Balanced Acc: 0.3170, LR: 0.0000110
2025-05-23 20:22:47,096 - INFO - Trial 2, Epoch 32/100, Val Balanced Acc: 0.2674, LR: 0.0000108
2025-05-23 20:22:57,707 - INFO - Trial 2, Epoch 33/100, Val Balanced Acc: 0.3230, LR: 0.0000107
2025-05-23 20:23:08,435 - INFO - Trial 2, Epoch 34/100, Val Balanced Acc: 0.3311, LR: 0.0000105
2025-05-23 20:23:18,850 - INFO - Trial 2, Epoch 35/100, Val Balanced Acc: 0.3323, LR: 0.0000103
2025-05-23 20:23:29,417 - INFO - Trial 2, Epoch 36/100, Val Balanced Acc: 0.3455, LR: 0.0000101
2025-05-23 20:23:39,669 - INFO - Trial 2, Epoch 37/100, Val Balanced Acc: 0.3381, LR: 0.0000099
2025-05-23 20:23:49,330 - INFO - Trial 2, Epoch 38/100, Val Balanced Acc: 0.3418, LR: 0.0000097
2025-05-23 20:23:59,563 - INFO - Trial 2, Epoch 39/100, Val Balanced Acc: 0.3180, LR: 0.0000095
2025-05-23 20:24:10,054 - INFO - Trial 2, Epoch 40/100, Val Balanced Acc: 0.3587, LR: 0.0000093
2025-05-23 20:24:20,445 - INFO - Trial 2, Epoch 41/100, Val Balanced Acc: 0.3577, LR: 0.0000091
2025-05-23 20:24:30,788 - INFO - Trial 2, Epoch 42/100, Val Balanced Acc: 0.3248, LR: 0.0000088
2025-05-23 20:24:40,778 - INFO - Trial 2, Epoch 43/100, Val Balanced Acc: 0.3635, LR: 0.0000086
2025-05-23 20:24:51,090 - INFO - Trial 2, Epoch 44/100, Val Balanced Acc: 0.3123, LR: 0.0000084
2025-05-23 20:25:01,412 - INFO - Trial 2, Epoch 45/100, Val Balanced Acc: 0.3549, LR: 0.0000082
2025-05-23 20:25:11,754 - INFO - Trial 2, Epoch 46/100, Val Balanced Acc: 0.3395, LR: 0.0000080
2025-05-23 20:25:22,301 - INFO - Trial 2, Epoch 47/100, Val Balanced Acc: 0.3414, LR: 0.0000078
2025-05-23 20:25:32,223 - INFO - Trial 2, Epoch 48/100, Val Balanced Acc: 0.3427, LR: 0.0000076
2025-05-23 20:25:42,536 - INFO - Trial 2, Epoch 49/100, Val Balanced Acc: 0.3390, LR: 0.0000073
2025-05-23 20:25:53,015 - INFO - Trial 2, Epoch 50/100, Val Balanced Acc: 0.3564, LR: 0.0000071
2025-05-23 20:26:03,531 - INFO - Trial 2, Epoch 51/100, Val Balanced Acc: 0.3659, LR: 0.0000069
2025-05-23 20:26:14,077 - INFO - Trial 2, Epoch 52/100, Val Balanced Acc: 0.3487, LR: 0.0000067
2025-05-23 20:26:24,475 - INFO - Trial 2, Epoch 53/100, Val Balanced Acc: 0.3482, LR: 0.0000065
2025-05-23 20:26:35,174 - INFO - Trial 2, Epoch 54/100, Val Balanced Acc: 0.3291, LR: 0.0000062
2025-05-23 20:26:45,873 - INFO - Trial 2, Epoch 55/100, Val Balanced Acc: 0.3413, LR: 0.0000060
2025-05-23 20:26:56,882 - INFO - Trial 2, Epoch 56/100, Val Balanced Acc: 0.3456, LR: 0.0000058
2025-05-23 20:27:07,465 - INFO - Trial 2, Epoch 57/100, Val Balanced Acc: 0.3438, LR: 0.0000056
2025-05-23 20:27:17,810 - INFO - Trial 2, Epoch 58/100, Val Balanced Acc: 0.3270, LR: 0.0000054
2025-05-23 20:27:28,024 - INFO - Trial 2, Epoch 59/100, Val Balanced Acc: 0.3601, LR: 0.0000052
2025-05-23 20:27:38,089 - INFO - Trial 2, Epoch 60/100, Val Balanced Acc: 0.3711, LR: 0.0000050
2025-05-23 20:27:48,361 - INFO - Trial 2, Epoch 61/100, Val Balanced Acc: 0.3682, LR: 0.0000048
2025-05-23 20:27:58,650 - INFO - Trial 2, Epoch 62/100, Val Balanced Acc: 0.3694, LR: 0.0000045
2025-05-23 20:28:09,603 - INFO - Trial 2, Epoch 63/100, Val Balanced Acc: 0.3619, LR: 0.0000043
2025-05-23 20:28:20,311 - INFO - Trial 2, Epoch 64/100, Val Balanced Acc: 0.3675, LR: 0.0000041
2025-05-23 20:28:31,113 - INFO - Trial 2, Epoch 65/100, Val Balanced Acc: 0.3646, LR: 0.0000039
2025-05-23 20:28:41,470 - INFO - Trial 2, Epoch 66/100, Val Balanced Acc: 0.3632, LR: 0.0000038
2025-05-23 20:28:51,268 - INFO - Trial 2, Epoch 67/100, Val Balanced Acc: 0.3630, LR: 0.0000036
2025-05-23 20:29:01,610 - INFO - Trial 2, Epoch 68/100, Val Balanced Acc: 0.3557, LR: 0.0000034
2025-05-23 20:29:11,723 - INFO - Trial 2, Epoch 69/100, Val Balanced Acc: 0.3551, LR: 0.0000032
2025-05-23 20:29:22,085 - INFO - Trial 2, Epoch 70/100, Val Balanced Acc: 0.3634, LR: 0.0000030
2025-05-23 20:29:31,991 - INFO - Trial 2, Epoch 71/100, Val Balanced Acc: 0.3601, LR: 0.0000028
2025-05-23 20:29:42,342 - INFO - Trial 2, Epoch 72/100, Val Balanced Acc: 0.3554, LR: 0.0000027
2025-05-23 20:29:52,981 - INFO - Trial 2, Epoch 73/100, Val Balanced Acc: 0.3625, LR: 0.0000025
2025-05-23 20:30:03,134 - INFO - Trial 2, Epoch 74/100, Val Balanced Acc: 0.3532, LR: 0.0000023
2025-05-23 20:30:13,517 - INFO - Trial 2, Epoch 75/100, Val Balanced Acc: 0.3579, LR: 0.0000022
2025-05-23 20:30:24,026 - INFO - Trial 2, Epoch 76/100, Val Balanced Acc: 0.3584, LR: 0.0000020
2025-05-23 20:30:34,031 - INFO - Trial 2, Epoch 77/100, Val Balanced Acc: 0.3543, LR: 0.0000019
2025-05-23 20:30:44,638 - INFO - Trial 2, Epoch 78/100, Val Balanced Acc: 0.3636, LR: 0.0000017
2025-05-23 20:30:55,045 - INFO - Trial 2, Epoch 79/100, Val Balanced Acc: 0.3549, LR: 0.0000016
2025-05-23 20:31:05,237 - INFO - Trial 2, Epoch 80/100, Val Balanced Acc: 0.3572, LR: 0.0000015
2025-05-23 20:31:05,238 - INFO - Trial 2: Early stopping at epoch 80.
2025-05-23 20:31:05,239 - INFO - 
--- Trial 3 ---
2025-05-23 20:31:05,239 - INFO - Parametry: {'lr': 2.0366041341925283e-05, 'hidden_size': 32, 'dropout_val': 0.22658959308179166, 'lstm_dropout_val': 0.24996059076592655, 'weight_decay': 0.0004240103856656285, 'alpha_class_weighting': 1.0057997537580883, 'batch_size': 64, 'eta_min_scheduler': 4.5355322288469126e-07}
2025-05-23 20:31:14,459 - INFO - Trial 3, Epoch 1/100, Val Balanced Acc: 0.1925, LR: 0.0000204
2025-05-23 20:31:23,656 - INFO - Trial 3, Epoch 2/100, Val Balanced Acc: 0.1937, LR: 0.0000203
2025-05-23 20:31:32,774 - INFO - Trial 3, Epoch 3/100, Val Balanced Acc: 0.1937, LR: 0.0000203
2025-05-23 20:31:42,088 - INFO - Trial 3, Epoch 4/100, Val Balanced Acc: 0.1885, LR: 0.0000203
2025-05-23 20:31:50,940 - INFO - Trial 3, Epoch 5/100, Val Balanced Acc: 0.1915, LR: 0.0000202
2025-05-23 20:32:00,059 - INFO - Trial 3, Epoch 6/100, Val Balanced Acc: 0.1983, LR: 0.0000202
2025-05-23 20:32:09,173 - INFO - Trial 3, Epoch 7/100, Val Balanced Acc: 0.1820, LR: 0.0000201
2025-05-23 20:32:18,431 - INFO - Trial 3, Epoch 8/100, Val Balanced Acc: 0.1823, LR: 0.0000201
2025-05-23 20:32:27,607 - INFO - Trial 3, Epoch 9/100, Val Balanced Acc: 0.1847, LR: 0.0000200
2025-05-23 20:32:36,632 - INFO - Trial 3, Epoch 10/100, Val Balanced Acc: 0.1884, LR: 0.0000199
2025-05-23 20:32:45,852 - INFO - Trial 3, Epoch 11/100, Val Balanced Acc: 0.2013, LR: 0.0000198
2025-05-23 20:32:55,224 - INFO - Trial 3, Epoch 12/100, Val Balanced Acc: 0.2000, LR: 0.0000197
2025-05-23 20:33:03,990 - INFO - Trial 3, Epoch 13/100, Val Balanced Acc: 0.2000, LR: 0.0000195
2025-05-23 20:33:13,108 - INFO - Trial 3, Epoch 14/100, Val Balanced Acc: 0.2000, LR: 0.0000194
2025-05-23 20:33:22,283 - INFO - Trial 3, Epoch 15/100, Val Balanced Acc: 0.2000, LR: 0.0000193
2025-05-23 20:33:30,928 - INFO - Trial 3, Epoch 16/100, Val Balanced Acc: 0.2000, LR: 0.0000191
2025-05-23 20:33:40,193 - INFO - Trial 3, Epoch 17/100, Val Balanced Acc: 0.2000, LR: 0.0000190
2025-05-23 20:33:49,526 - INFO - Trial 3, Epoch 18/100, Val Balanced Acc: 0.2000, LR: 0.0000188
2025-05-23 20:33:58,646 - INFO - Trial 3, Epoch 19/100, Val Balanced Acc: 0.2023, LR: 0.0000186
2025-05-23 20:34:08,116 - INFO - Trial 3, Epoch 20/100, Val Balanced Acc: 0.2122, LR: 0.0000185
2025-05-23 20:34:17,239 - INFO - Trial 3, Epoch 21/100, Val Balanced Acc: 0.2201, LR: 0.0000183
2025-05-23 20:34:26,558 - INFO - Trial 3, Epoch 22/100, Val Balanced Acc: 0.2388, LR: 0.0000181
2025-05-23 20:34:35,857 - INFO - Trial 3, Epoch 23/100, Val Balanced Acc: 0.2469, LR: 0.0000179
2025-05-23 20:34:45,358 - INFO - Trial 3, Epoch 24/100, Val Balanced Acc: 0.2669, LR: 0.0000177
2025-05-23 20:34:54,701 - INFO - Trial 3, Epoch 25/100, Val Balanced Acc: 0.2713, LR: 0.0000174
2025-05-23 20:35:04,158 - INFO - Trial 3, Epoch 26/100, Val Balanced Acc: 0.2712, LR: 0.0000172
2025-05-23 20:35:13,501 - INFO - Trial 3, Epoch 27/100, Val Balanced Acc: 0.2653, LR: 0.0000170
2025-05-23 20:35:22,713 - INFO - Trial 3, Epoch 28/100, Val Balanced Acc: 0.2737, LR: 0.0000168
2025-05-23 20:35:31,683 - INFO - Trial 3, Epoch 29/100, Val Balanced Acc: 0.2783, LR: 0.0000165
2025-05-23 20:35:40,676 - INFO - Trial 3, Epoch 30/100, Val Balanced Acc: 0.2761, LR: 0.0000163
2025-05-23 20:35:49,955 - INFO - Trial 3, Epoch 31/100, Val Balanced Acc: 0.2679, LR: 0.0000160
2025-05-23 20:35:59,326 - INFO - Trial 3, Epoch 32/100, Val Balanced Acc: 0.2672, LR: 0.0000157
2025-05-23 20:36:08,522 - INFO - Trial 3, Epoch 33/100, Val Balanced Acc: 0.2642, LR: 0.0000155
2025-05-23 20:36:17,671 - INFO - Trial 3, Epoch 34/100, Val Balanced Acc: 0.2825, LR: 0.0000152
2025-05-23 20:36:26,881 - INFO - Trial 3, Epoch 35/100, Val Balanced Acc: 0.2886, LR: 0.0000149
2025-05-23 20:36:35,878 - INFO - Trial 3, Epoch 36/100, Val Balanced Acc: 0.2928, LR: 0.0000146
2025-05-23 20:36:45,101 - INFO - Trial 3, Epoch 37/100, Val Balanced Acc: 0.2976, LR: 0.0000144
2025-05-23 20:36:53,738 - INFO - Trial 3, Epoch 38/100, Val Balanced Acc: 0.2987, LR: 0.0000141
2025-05-23 20:37:03,063 - INFO - Trial 3, Epoch 39/100, Val Balanced Acc: 0.3018, LR: 0.0000138
2025-05-23 20:37:11,939 - INFO - Trial 3, Epoch 40/100, Val Balanced Acc: 0.3018, LR: 0.0000135
2025-05-23 20:37:20,835 - INFO - Trial 3, Epoch 41/100, Val Balanced Acc: 0.3028, LR: 0.0000132
2025-05-23 20:37:30,062 - INFO - Trial 3, Epoch 42/100, Val Balanced Acc: 0.3022, LR: 0.0000129
2025-05-23 20:37:39,222 - INFO - Trial 3, Epoch 43/100, Val Balanced Acc: 0.3016, LR: 0.0000126
2025-05-23 20:37:48,411 - INFO - Trial 3, Epoch 44/100, Val Balanced Acc: 0.3039, LR: 0.0000123
2025-05-23 20:37:57,418 - INFO - Trial 3, Epoch 45/100, Val Balanced Acc: 0.2989, LR: 0.0000120
2025-05-23 20:38:06,606 - INFO - Trial 3, Epoch 46/100, Val Balanced Acc: 0.3054, LR: 0.0000117
2025-05-23 20:38:15,647 - INFO - Trial 3, Epoch 47/100, Val Balanced Acc: 0.3033, LR: 0.0000113
2025-05-23 20:38:24,658 - INFO - Trial 3, Epoch 48/100, Val Balanced Acc: 0.3010, LR: 0.0000110
2025-05-23 20:38:33,653 - INFO - Trial 3, Epoch 49/100, Val Balanced Acc: 0.3004, LR: 0.0000107
2025-05-23 20:38:42,736 - INFO - Trial 3, Epoch 50/100, Val Balanced Acc: 0.2998, LR: 0.0000104
2025-05-23 20:38:51,455 - INFO - Trial 3, Epoch 51/100, Val Balanced Acc: 0.3035, LR: 0.0000101
2025-05-23 20:39:00,420 - INFO - Trial 3, Epoch 52/100, Val Balanced Acc: 0.3035, LR: 0.0000098
2025-05-23 20:39:09,680 - INFO - Trial 3, Epoch 53/100, Val Balanced Acc: 0.3029, LR: 0.0000095
2025-05-23 20:39:18,971 - INFO - Trial 3, Epoch 54/100, Val Balanced Acc: 0.3006, LR: 0.0000092
2025-05-23 20:39:28,165 - INFO - Trial 3, Epoch 55/100, Val Balanced Acc: 0.3023, LR: 0.0000089
2025-05-23 20:39:37,303 - INFO - Trial 3, Epoch 56/100, Val Balanced Acc: 0.3046, LR: 0.0000085
2025-05-23 20:39:46,372 - INFO - Trial 3, Epoch 57/100, Val Balanced Acc: 0.3040, LR: 0.0000082
2025-05-23 20:39:55,472 - INFO - Trial 3, Epoch 58/100, Val Balanced Acc: 0.3006, LR: 0.0000079
2025-05-23 20:40:04,791 - INFO - Trial 3, Epoch 59/100, Val Balanced Acc: 0.3019, LR: 0.0000076
2025-05-23 20:40:13,662 - INFO - Trial 3, Epoch 60/100, Val Balanced Acc: 0.3019, LR: 0.0000073
2025-05-23 20:40:22,275 - INFO - Trial 3, Epoch 61/100, Val Balanced Acc: 0.3019, LR: 0.0000070
2025-05-23 20:40:30,910 - INFO - Trial 3, Epoch 62/100, Val Balanced Acc: 0.3039, LR: 0.0000067
2025-05-23 20:40:39,419 - INFO - Trial 3, Epoch 63/100, Val Balanced Acc: 0.3039, LR: 0.0000065
2025-05-23 20:40:48,103 - INFO - Trial 3, Epoch 64/100, Val Balanced Acc: 0.3046, LR: 0.0000062
2025-05-23 20:40:56,629 - INFO - Trial 3, Epoch 65/100, Val Balanced Acc: 0.3039, LR: 0.0000059
2025-05-23 20:41:05,033 - INFO - Trial 3, Epoch 66/100, Val Balanced Acc: 0.3039, LR: 0.0000056
2025-05-23 20:41:05,034 - INFO - Trial 3: Early stopping at epoch 66.
2025-05-23 20:41:05,035 - INFO - 
--- Trial 4 ---
2025-05-23 20:41:05,035 - INFO - Parametry: {'lr': 8.390303791398751e-05, 'hidden_size': 128, 'dropout_val': 0.35705921645454197, 'lstm_dropout_val': 0.16331915850801842, 'weight_decay': 5.637806464614382e-05, 'alpha_class_weighting': 0.7371594161816079, 'batch_size': 16, 'eta_min_scheduler': 7.653483797001043e-07}
2025-05-23 20:41:24,389 - INFO - Trial 4, Epoch 1/100, Val Balanced Acc: 0.2034, LR: 0.0000839
2025-05-23 20:41:43,731 - INFO - Trial 4, Epoch 2/100, Val Balanced Acc: 0.2547, LR: 0.0000838
2025-05-23 20:42:04,111 - INFO - Trial 4, Epoch 3/100, Val Balanced Acc: 0.2501, LR: 0.0000837
2025-05-23 20:42:24,402 - INFO - Trial 4, Epoch 4/100, Val Balanced Acc: 0.3781, LR: 0.0000836
2025-05-23 20:42:44,409 - INFO - Trial 4, Epoch 5/100, Val Balanced Acc: 0.4041, LR: 0.0000834
2025-05-23 20:43:03,986 - INFO - Trial 4, Epoch 6/100, Val Balanced Acc: 0.4016, LR: 0.0000832
2025-05-23 20:43:23,985 - INFO - Trial 4, Epoch 7/100, Val Balanced Acc: 0.4081, LR: 0.0000829
2025-05-23 20:43:44,012 - INFO - Trial 4, Epoch 8/100, Val Balanced Acc: 0.4312, LR: 0.0000826
2025-05-23 20:44:03,947 - INFO - Trial 4, Epoch 9/100, Val Balanced Acc: 0.4347, LR: 0.0000823
2025-05-23 20:44:24,236 - INFO - Trial 4, Epoch 10/100, Val Balanced Acc: 0.4331, LR: 0.0000819
2025-05-23 20:44:44,172 - INFO - Trial 4, Epoch 11/100, Val Balanced Acc: 0.3852, LR: 0.0000814
2025-05-23 20:45:03,976 - INFO - Trial 4, Epoch 12/100, Val Balanced Acc: 0.4573, LR: 0.0000810
2025-05-23 20:45:23,920 - INFO - Trial 4, Epoch 13/100, Val Balanced Acc: 0.4229, LR: 0.0000805
2025-05-23 20:45:43,754 - INFO - Trial 4, Epoch 14/100, Val Balanced Acc: 0.4603, LR: 0.0000799
2025-05-23 20:46:03,070 - INFO - Trial 4, Epoch 15/100, Val Balanced Acc: 0.4355, LR: 0.0000794
2025-05-23 20:46:22,923 - INFO - Trial 4, Epoch 16/100, Val Balanced Acc: 0.4696, LR: 0.0000788
2025-05-23 20:46:42,857 - INFO - Trial 4, Epoch 17/100, Val Balanced Acc: 0.4671, LR: 0.0000781
2025-05-23 20:47:02,748 - INFO - Trial 4, Epoch 18/100, Val Balanced Acc: 0.4837, LR: 0.0000774
2025-05-23 20:47:22,980 - INFO - Trial 4, Epoch 19/100, Val Balanced Acc: 0.4884, LR: 0.0000767
2025-05-23 20:47:42,891 - INFO - Trial 4, Epoch 20/100, Val Balanced Acc: 0.5177, LR: 0.0000760
2025-05-23 20:48:02,929 - INFO - Trial 4, Epoch 21/100, Val Balanced Acc: 0.3736, LR: 0.0000752
2025-05-23 20:48:22,977 - INFO - Trial 4, Epoch 22/100, Val Balanced Acc: 0.4660, LR: 0.0000744
2025-05-23 20:48:42,409 - INFO - Trial 4, Epoch 23/100, Val Balanced Acc: 0.5423, LR: 0.0000735
2025-05-23 20:49:02,213 - INFO - Trial 4, Epoch 24/100, Val Balanced Acc: 0.5025, LR: 0.0000726
2025-05-23 20:49:22,159 - INFO - Trial 4, Epoch 25/100, Val Balanced Acc: 0.5129, LR: 0.0000717
2025-05-23 20:49:42,141 - INFO - Trial 4, Epoch 26/100, Val Balanced Acc: 0.4875, LR: 0.0000708
2025-05-23 20:50:01,830 - INFO - Trial 4, Epoch 27/100, Val Balanced Acc: 0.5233, LR: 0.0000698
2025-05-23 20:50:21,637 - INFO - Trial 4, Epoch 28/100, Val Balanced Acc: 0.4891, LR: 0.0000688
2025-05-23 20:50:41,696 - INFO - Trial 4, Epoch 29/100, Val Balanced Acc: 0.5012, LR: 0.0000678
2025-05-23 20:51:02,008 - INFO - Trial 4, Epoch 30/100, Val Balanced Acc: 0.5062, LR: 0.0000668
2025-05-23 20:51:21,944 - INFO - Trial 4, Epoch 31/100, Val Balanced Acc: 0.5074, LR: 0.0000657
2025-05-23 20:51:41,694 - INFO - Trial 4, Epoch 32/100, Val Balanced Acc: 0.5101, LR: 0.0000646
2025-05-23 20:52:01,295 - INFO - Trial 4, Epoch 33/100, Val Balanced Acc: 0.5414, LR: 0.0000635
2025-05-23 20:52:20,991 - INFO - Trial 4, Epoch 34/100, Val Balanced Acc: 0.5082, LR: 0.0000624
2025-05-23 20:52:40,285 - INFO - Trial 4, Epoch 35/100, Val Balanced Acc: 0.5152, LR: 0.0000612
2025-05-23 20:52:59,916 - INFO - Trial 4, Epoch 36/100, Val Balanced Acc: 0.5326, LR: 0.0000600
2025-05-23 20:53:19,848 - INFO - Trial 4, Epoch 37/100, Val Balanced Acc: 0.5574, LR: 0.0000588
2025-05-23 20:53:39,712 - INFO - Trial 4, Epoch 38/100, Val Balanced Acc: 0.4946, LR: 0.0000576
2025-05-23 20:53:59,587 - INFO - Trial 4, Epoch 39/100, Val Balanced Acc: 0.5502, LR: 0.0000564
2025-05-23 20:54:18,896 - INFO - Trial 4, Epoch 40/100, Val Balanced Acc: 0.5150, LR: 0.0000552
2025-05-23 20:54:38,448 - INFO - Trial 4, Epoch 41/100, Val Balanced Acc: 0.5436, LR: 0.0000539
2025-05-23 20:54:57,774 - INFO - Trial 4, Epoch 42/100, Val Balanced Acc: 0.5768, LR: 0.0000527
2025-05-23 20:55:17,417 - INFO - Trial 4, Epoch 43/100, Val Balanced Acc: 0.5348, LR: 0.0000514
2025-05-23 20:55:37,257 - INFO - Trial 4, Epoch 44/100, Val Balanced Acc: 0.5395, LR: 0.0000501
2025-05-23 20:55:57,009 - INFO - Trial 4, Epoch 45/100, Val Balanced Acc: 0.5505, LR: 0.0000488
2025-05-23 20:56:16,193 - INFO - Trial 4, Epoch 46/100, Val Balanced Acc: 0.5419, LR: 0.0000475
2025-05-23 20:56:35,880 - INFO - Trial 4, Epoch 47/100, Val Balanced Acc: 0.5433, LR: 0.0000462
2025-05-23 20:56:55,664 - INFO - Trial 4, Epoch 48/100, Val Balanced Acc: 0.5419, LR: 0.0000449
2025-05-23 20:57:15,524 - INFO - Trial 4, Epoch 49/100, Val Balanced Acc: 0.5686, LR: 0.0000436
2025-05-23 20:57:35,190 - INFO - Trial 4, Epoch 50/100, Val Balanced Acc: 0.5777, LR: 0.0000423
2025-05-23 20:57:55,155 - INFO - Trial 4, Epoch 51/100, Val Balanced Acc: 0.5290, LR: 0.0000410
2025-05-23 20:58:14,363 - INFO - Trial 4, Epoch 52/100, Val Balanced Acc: 0.5556, LR: 0.0000397
2025-05-23 20:58:34,063 - INFO - Trial 4, Epoch 53/100, Val Balanced Acc: 0.5599, LR: 0.0000384
2025-05-23 20:58:53,562 - INFO - Trial 4, Epoch 54/100, Val Balanced Acc: 0.5617, LR: 0.0000371
2025-05-23 20:59:13,382 - INFO - Trial 4, Epoch 55/100, Val Balanced Acc: 0.5496, LR: 0.0000358
2025-05-23 20:59:33,204 - INFO - Trial 4, Epoch 56/100, Val Balanced Acc: 0.5764, LR: 0.0000345
2025-05-23 20:59:52,330 - INFO - Trial 4, Epoch 57/100, Val Balanced Acc: 0.5613, LR: 0.0000333
2025-05-23 21:00:12,420 - INFO - Trial 4, Epoch 58/100, Val Balanced Acc: 0.5553, LR: 0.0000320
2025-05-23 21:00:32,519 - INFO - Trial 4, Epoch 59/100, Val Balanced Acc: 0.5681, LR: 0.0000307
2025-05-23 21:00:52,727 - INFO - Trial 4, Epoch 60/100, Val Balanced Acc: 0.5830, LR: 0.0000295
2025-05-23 21:01:12,399 - INFO - Trial 4, Epoch 61/100, Val Balanced Acc: 0.5697, LR: 0.0000283
2025-05-23 21:01:32,311 - INFO - Trial 4, Epoch 62/100, Val Balanced Acc: 0.5714, LR: 0.0000270
2025-05-23 21:01:51,946 - INFO - Trial 4, Epoch 63/100, Val Balanced Acc: 0.5444, LR: 0.0000258
2025-05-23 21:02:11,651 - INFO - Trial 4, Epoch 64/100, Val Balanced Acc: 0.5699, LR: 0.0000246
2025-05-23 21:02:31,511 - INFO - Trial 4, Epoch 65/100, Val Balanced Acc: 0.5771, LR: 0.0000235
2025-05-23 21:02:51,273 - INFO - Trial 4, Epoch 66/100, Val Balanced Acc: 0.5657, LR: 0.0000223
2025-05-23 21:03:11,596 - INFO - Trial 4, Epoch 67/100, Val Balanced Acc: 0.5417, LR: 0.0000212
2025-05-23 21:03:32,237 - INFO - Trial 4, Epoch 68/100, Val Balanced Acc: 0.5836, LR: 0.0000201
2025-05-23 21:03:53,490 - INFO - Trial 4, Epoch 69/100, Val Balanced Acc: 0.5790, LR: 0.0000190
2025-05-23 21:04:14,705 - INFO - Trial 4, Epoch 70/100, Val Balanced Acc: 0.5689, LR: 0.0000179
2025-05-23 21:04:35,701 - INFO - Trial 4, Epoch 71/100, Val Balanced Acc: 0.5769, LR: 0.0000169
2025-05-23 21:04:56,657 - INFO - Trial 4, Epoch 72/100, Val Balanced Acc: 0.5656, LR: 0.0000158
2025-05-23 21:05:17,035 - INFO - Trial 4, Epoch 73/100, Val Balanced Acc: 0.5776, LR: 0.0000148
2025-05-23 21:05:37,822 - INFO - Trial 4, Epoch 74/100, Val Balanced Acc: 0.5727, LR: 0.0000139
2025-05-23 21:05:58,220 - INFO - Trial 4, Epoch 75/100, Val Balanced Acc: 0.5763, LR: 0.0000129
2025-05-23 21:06:18,674 - INFO - Trial 4, Epoch 76/100, Val Balanced Acc: 0.5622, LR: 0.0000120
2025-05-23 21:06:39,368 - INFO - Trial 4, Epoch 77/100, Val Balanced Acc: 0.5722, LR: 0.0000112
2025-05-23 21:07:00,367 - INFO - Trial 4, Epoch 78/100, Val Balanced Acc: 0.5547, LR: 0.0000103
2025-05-23 21:07:20,672 - INFO - Trial 4, Epoch 79/100, Val Balanced Acc: 0.5777, LR: 0.0000095
2025-05-23 21:07:41,089 - INFO - Trial 4, Epoch 80/100, Val Balanced Acc: 0.5677, LR: 0.0000087
2025-05-23 21:08:01,686 - INFO - Trial 4, Epoch 81/100, Val Balanced Acc: 0.5772, LR: 0.0000080
2025-05-23 21:08:22,202 - INFO - Trial 4, Epoch 82/100, Val Balanced Acc: 0.5875, LR: 0.0000072
2025-05-23 21:08:42,966 - INFO - Trial 4, Epoch 83/100, Val Balanced Acc: 0.5685, LR: 0.0000066
2025-05-23 21:09:03,374 - INFO - Trial 4, Epoch 84/100, Val Balanced Acc: 0.5725, LR: 0.0000059
2025-05-23 21:09:23,034 - INFO - Trial 4, Epoch 85/100, Val Balanced Acc: 0.5498, LR: 0.0000053
2025-05-23 21:09:43,004 - INFO - Trial 4, Epoch 86/100, Val Balanced Acc: 0.5626, LR: 0.0000047
2025-05-23 21:10:02,591 - INFO - Trial 4, Epoch 87/100, Val Balanced Acc: 0.5681, LR: 0.0000042
2025-05-23 21:10:21,905 - INFO - Trial 4, Epoch 88/100, Val Balanced Acc: 0.5745, LR: 0.0000037
2025-05-23 21:10:41,291 - INFO - Trial 4, Epoch 89/100, Val Balanced Acc: 0.5599, LR: 0.0000032
2025-05-23 21:11:00,852 - INFO - Trial 4, Epoch 90/100, Val Balanced Acc: 0.5694, LR: 0.0000028
2025-05-23 21:11:20,165 - INFO - Trial 4, Epoch 91/100, Val Balanced Acc: 0.5790, LR: 0.0000024
2025-05-23 21:11:39,377 - INFO - Trial 4, Epoch 92/100, Val Balanced Acc: 0.5697, LR: 0.0000021
2025-05-23 21:11:58,625 - INFO - Trial 4, Epoch 93/100, Val Balanced Acc: 0.5688, LR: 0.0000018
2025-05-23 21:12:18,433 - INFO - Trial 4, Epoch 94/100, Val Balanced Acc: 0.5663, LR: 0.0000015
2025-05-23 21:12:37,808 - INFO - Trial 4, Epoch 95/100, Val Balanced Acc: 0.5682, LR: 0.0000013
2025-05-23 21:12:57,588 - INFO - Trial 4, Epoch 96/100, Val Balanced Acc: 0.5660, LR: 0.0000011
2025-05-23 21:13:17,110 - INFO - Trial 4, Epoch 97/100, Val Balanced Acc: 0.5651, LR: 0.0000009
2025-05-23 21:13:36,460 - INFO - Trial 4, Epoch 98/100, Val Balanced Acc: 0.5626, LR: 0.0000008
2025-05-23 21:13:55,914 - INFO - Trial 4, Epoch 99/100, Val Balanced Acc: 0.5699, LR: 0.0000008
2025-05-23 21:14:15,543 - INFO - Trial 4, Epoch 100/100, Val Balanced Acc: 0.5628, LR: 0.0000008
2025-05-23 21:14:15,546 - INFO - 
--- Trial 5 ---
2025-05-23 21:14:15,546 - INFO - Parametry: {'lr': 0.00011366638051930756, 'hidden_size': 32, 'dropout_val': 0.34126104988170136, 'lstm_dropout_val': 0.14940287298699698, 'weight_decay': 0.0001244422204313734, 'alpha_class_weighting': 0.9459030148340417, 'batch_size': 64, 'eta_min_scheduler': 2.5987995306899757e-07}
2025-05-23 21:14:24,138 - INFO - Trial 5, Epoch 1/100, Val Balanced Acc: 0.2000, LR: 0.0001136
2025-05-23 21:14:24,151 - INFO - 
--- Trial 6 ---
2025-05-23 21:14:24,151 - INFO - Parametry: {'lr': 0.00010210866357992349, 'hidden_size': 128, 'dropout_val': 0.31948012178241103, 'lstm_dropout_val': 0.129418011622934, 'weight_decay': 0.0004657583434299985, 'alpha_class_weighting': 0.960810404388224, 'batch_size': 16, 'eta_min_scheduler': 3.921853250336486e-07}
2025-05-23 21:14:43,481 - INFO - Trial 6, Epoch 1/100, Val Balanced Acc: 0.2878, LR: 0.0001021
2025-05-23 21:15:03,046 - INFO - Trial 6, Epoch 2/100, Val Balanced Acc: 0.3047, LR: 0.0001020
2025-05-23 21:15:22,470 - INFO - Trial 6, Epoch 3/100, Val Balanced Acc: 0.3107, LR: 0.0001019
2025-05-23 21:15:42,086 - INFO - Trial 6, Epoch 4/100, Val Balanced Acc: 0.4000, LR: 0.0001017
2025-05-23 21:16:01,606 - INFO - Trial 6, Epoch 5/100, Val Balanced Acc: 0.4074, LR: 0.0001015
2025-05-23 21:16:21,096 - INFO - Trial 6, Epoch 6/100, Val Balanced Acc: 0.4273, LR: 0.0001012
2025-05-23 21:16:40,952 - INFO - Trial 6, Epoch 7/100, Val Balanced Acc: 0.3773, LR: 0.0001009
2025-05-23 21:17:01,196 - INFO - Trial 6, Epoch 8/100, Val Balanced Acc: 0.4394, LR: 0.0001005
2025-05-23 21:17:20,805 - INFO - Trial 6, Epoch 9/100, Val Balanced Acc: 0.4581, LR: 0.0001001
2025-05-23 21:17:40,628 - INFO - Trial 6, Epoch 10/100, Val Balanced Acc: 0.4609, LR: 0.0000996
2025-05-23 21:18:00,612 - INFO - Trial 6, Epoch 11/100, Val Balanced Acc: 0.4536, LR: 0.0000991
2025-05-23 21:18:20,173 - INFO - Trial 6, Epoch 12/100, Val Balanced Acc: 0.4709, LR: 0.0000985
2025-05-23 21:18:40,012 - INFO - Trial 6, Epoch 13/100, Val Balanced Acc: 0.4549, LR: 0.0000979
2025-05-23 21:18:59,699 - INFO - Trial 6, Epoch 14/100, Val Balanced Acc: 0.4891, LR: 0.0000973
2025-05-23 21:19:19,570 - INFO - Trial 6, Epoch 15/100, Val Balanced Acc: 0.4153, LR: 0.0000966
2025-05-23 21:19:38,934 - INFO - Trial 6, Epoch 16/100, Val Balanced Acc: 0.4632, LR: 0.0000958
2025-05-23 21:19:58,695 - INFO - Trial 6, Epoch 17/100, Val Balanced Acc: 0.4952, LR: 0.0000950
2025-05-23 21:20:18,450 - INFO - Trial 6, Epoch 18/100, Val Balanced Acc: 0.4876, LR: 0.0000942
2025-05-23 21:20:38,080 - INFO - Trial 6, Epoch 19/100, Val Balanced Acc: 0.5036, LR: 0.0000933
2025-05-23 21:20:58,544 - INFO - Trial 6, Epoch 20/100, Val Balanced Acc: 0.4688, LR: 0.0000924
2025-05-23 21:21:19,278 - INFO - Trial 6, Epoch 21/100, Val Balanced Acc: 0.3664, LR: 0.0000914
2025-05-23 21:21:39,657 - INFO - Trial 6, Epoch 22/100, Val Balanced Acc: 0.5254, LR: 0.0000904
2025-05-23 21:21:59,467 - INFO - Trial 6, Epoch 23/100, Val Balanced Acc: 0.4814, LR: 0.0000894
2025-05-23 21:22:19,882 - INFO - Trial 6, Epoch 24/100, Val Balanced Acc: 0.4972, LR: 0.0000883
2025-05-23 21:22:40,363 - INFO - Trial 6, Epoch 25/100, Val Balanced Acc: 0.5135, LR: 0.0000872
2025-05-23 21:23:00,612 - INFO - Trial 6, Epoch 26/100, Val Balanced Acc: 0.5217, LR: 0.0000861
2025-05-23 21:23:21,203 - INFO - Trial 6, Epoch 27/100, Val Balanced Acc: 0.5133, LR: 0.0000849
2025-05-23 21:23:41,539 - INFO - Trial 6, Epoch 28/100, Val Balanced Acc: 0.5617, LR: 0.0000837
2025-05-23 21:24:02,431 - INFO - Trial 6, Epoch 29/100, Val Balanced Acc: 0.5524, LR: 0.0000824
2025-05-23 21:24:23,283 - INFO - Trial 6, Epoch 30/100, Val Balanced Acc: 0.5173, LR: 0.0000811
2025-05-23 21:24:43,947 - INFO - Trial 6, Epoch 31/100, Val Balanced Acc: 0.5390, LR: 0.0000798
2025-05-23 21:25:04,184 - INFO - Trial 6, Epoch 32/100, Val Balanced Acc: 0.5310, LR: 0.0000785
2025-05-23 21:25:24,351 - INFO - Trial 6, Epoch 33/100, Val Balanced Acc: 0.5176, LR: 0.0000771
2025-05-23 21:25:44,431 - INFO - Trial 6, Epoch 34/100, Val Balanced Acc: 0.5340, LR: 0.0000758
2025-05-23 21:26:04,799 - INFO - Trial 6, Epoch 35/100, Val Balanced Acc: 0.5311, LR: 0.0000743
2025-05-23 21:26:25,650 - INFO - Trial 6, Epoch 36/100, Val Balanced Acc: 0.5459, LR: 0.0000729
2025-05-23 21:26:47,217 - INFO - Trial 6, Epoch 37/100, Val Balanced Acc: 0.5662, LR: 0.0000714
2025-05-23 21:27:09,129 - INFO - Trial 6, Epoch 38/100, Val Balanced Acc: 0.5486, LR: 0.0000700
2025-05-23 21:27:30,475 - INFO - Trial 6, Epoch 39/100, Val Balanced Acc: 0.5497, LR: 0.0000685
2025-05-23 21:27:51,040 - INFO - Trial 6, Epoch 40/100, Val Balanced Acc: 0.5619, LR: 0.0000670
2025-05-23 21:28:11,671 - INFO - Trial 6, Epoch 41/100, Val Balanced Acc: 0.5301, LR: 0.0000654
2025-05-23 21:28:32,415 - INFO - Trial 6, Epoch 42/100, Val Balanced Acc: 0.5650, LR: 0.0000639
2025-05-23 21:28:53,394 - INFO - Trial 6, Epoch 43/100, Val Balanced Acc: 0.5652, LR: 0.0000623
2025-05-23 21:29:13,574 - INFO - Trial 6, Epoch 44/100, Val Balanced Acc: 0.5740, LR: 0.0000608
2025-05-23 21:29:33,817 - INFO - Trial 6, Epoch 45/100, Val Balanced Acc: 0.5092, LR: 0.0000592
2025-05-23 21:29:53,973 - INFO - Trial 6, Epoch 46/100, Val Balanced Acc: 0.5757, LR: 0.0000576
2025-05-23 21:30:15,124 - INFO - Trial 6, Epoch 47/100, Val Balanced Acc: 0.5751, LR: 0.0000560
2025-05-23 21:30:35,888 - INFO - Trial 6, Epoch 48/100, Val Balanced Acc: 0.5752, LR: 0.0000544
2025-05-23 21:30:56,686 - INFO - Trial 6, Epoch 49/100, Val Balanced Acc: 0.5811, LR: 0.0000528
2025-05-23 21:31:18,671 - INFO - Trial 6, Epoch 50/100, Val Balanced Acc: 0.5687, LR: 0.0000513
2025-05-23 21:31:39,957 - INFO - Trial 6, Epoch 51/100, Val Balanced Acc: 0.6236, LR: 0.0000497
2025-05-23 21:32:01,132 - INFO - Trial 6, Epoch 52/100, Val Balanced Acc: 0.5818, LR: 0.0000481
2025-05-23 21:32:22,159 - INFO - Trial 6, Epoch 53/100, Val Balanced Acc: 0.5999, LR: 0.0000465
2025-05-23 21:32:43,535 - INFO - Trial 6, Epoch 54/100, Val Balanced Acc: 0.5836, LR: 0.0000449
2025-05-23 21:33:05,078 - INFO - Trial 6, Epoch 55/100, Val Balanced Acc: 0.5845, LR: 0.0000433
2025-05-23 21:33:26,383 - INFO - Trial 6, Epoch 56/100, Val Balanced Acc: 0.5470, LR: 0.0000417
2025-05-23 21:33:47,527 - INFO - Trial 6, Epoch 57/100, Val Balanced Acc: 0.5728, LR: 0.0000402
2025-05-23 21:34:08,491 - INFO - Trial 6, Epoch 58/100, Val Balanced Acc: 0.5705, LR: 0.0000386
2025-05-23 21:34:29,522 - INFO - Trial 6, Epoch 59/100, Val Balanced Acc: 0.5624, LR: 0.0000371
2025-05-23 21:34:51,258 - INFO - Trial 6, Epoch 60/100, Val Balanced Acc: 0.5815, LR: 0.0000355
2025-05-23 21:35:13,626 - INFO - Trial 6, Epoch 61/100, Val Balanced Acc: 0.5844, LR: 0.0000340
2025-05-23 21:35:35,423 - INFO - Trial 6, Epoch 62/100, Val Balanced Acc: 0.5843, LR: 0.0000325
2025-05-23 21:35:56,214 - INFO - Trial 6, Epoch 63/100, Val Balanced Acc: 0.5835, LR: 0.0000311
2025-05-23 21:36:18,580 - INFO - Trial 6, Epoch 64/100, Val Balanced Acc: 0.5870, LR: 0.0000296
2025-05-23 21:36:40,132 - INFO - Trial 6, Epoch 65/100, Val Balanced Acc: 0.5821, LR: 0.0000282
2025-05-23 21:37:02,209 - INFO - Trial 6, Epoch 66/100, Val Balanced Acc: 0.5758, LR: 0.0000267
2025-05-23 21:37:24,057 - INFO - Trial 6, Epoch 67/100, Val Balanced Acc: 0.5716, LR: 0.0000254
2025-05-23 21:37:44,657 - INFO - Trial 6, Epoch 68/100, Val Balanced Acc: 0.5919, LR: 0.0000240
2025-05-23 21:38:05,262 - INFO - Trial 6, Epoch 69/100, Val Balanced Acc: 0.5943, LR: 0.0000227
2025-05-23 21:38:25,766 - INFO - Trial 6, Epoch 70/100, Val Balanced Acc: 0.6014, LR: 0.0000214
2025-05-23 21:38:46,624 - INFO - Trial 6, Epoch 71/100, Val Balanced Acc: 0.5913, LR: 0.0000201
2025-05-23 21:38:46,624 - INFO - Trial 6: Early stopping at epoch 71.
2025-05-23 21:38:46,626 - INFO - 
--- Trial 7 ---
2025-05-23 21:38:46,626 - INFO - Parametry: {'lr': 0.00029210248520735935, 'hidden_size': 32, 'dropout_val': 0.36300355632868686, 'lstm_dropout_val': 0.2540056624855289, 'weight_decay': 2.8479188836104054e-05, 'alpha_class_weighting': 0.9249587801613297, 'batch_size': 16, 'eta_min_scheduler': 1.517769703930059e-07}
2025-05-23 21:39:07,074 - INFO - Trial 7, Epoch 1/100, Val Balanced Acc: 0.2216, LR: 0.0002920
2025-05-23 21:39:27,339 - INFO - Trial 7, Epoch 2/100, Val Balanced Acc: 0.3681, LR: 0.0002918
2025-05-23 21:39:47,797 - INFO - Trial 7, Epoch 3/100, Val Balanced Acc: 0.3268, LR: 0.0002915
2025-05-23 21:40:08,072 - INFO - Trial 7, Epoch 4/100, Val Balanced Acc: 0.4369, LR: 0.0002910
2025-05-23 21:40:28,572 - INFO - Trial 7, Epoch 5/100, Val Balanced Acc: 0.3954, LR: 0.0002903
2025-05-23 21:40:49,021 - INFO - Trial 7, Epoch 6/100, Val Balanced Acc: 0.3890, LR: 0.0002895
2025-05-23 21:41:09,380 - INFO - Trial 7, Epoch 7/100, Val Balanced Acc: 0.4165, LR: 0.0002886
2025-05-23 21:41:30,324 - INFO - Trial 7, Epoch 8/100, Val Balanced Acc: 0.4484, LR: 0.0002875
2025-05-23 21:41:50,569 - INFO - Trial 7, Epoch 9/100, Val Balanced Acc: 0.4394, LR: 0.0002863
2025-05-23 21:42:10,841 - INFO - Trial 7, Epoch 10/100, Val Balanced Acc: 0.4371, LR: 0.0002850
2025-05-23 21:42:31,040 - INFO - Trial 7, Epoch 11/100, Val Balanced Acc: 0.4526, LR: 0.0002835
2025-05-23 21:42:51,258 - INFO - Trial 7, Epoch 12/100, Val Balanced Acc: 0.4512, LR: 0.0002819
2025-05-23 21:43:10,782 - INFO - Trial 7, Epoch 13/100, Val Balanced Acc: 0.4529, LR: 0.0002801
2025-05-23 21:43:30,285 - INFO - Trial 7, Epoch 14/100, Val Balanced Acc: 0.4671, LR: 0.0002782
2025-05-23 21:43:49,575 - INFO - Trial 7, Epoch 15/100, Val Balanced Acc: 0.4802, LR: 0.0002762
2025-05-23 21:44:09,094 - INFO - Trial 7, Epoch 16/100, Val Balanced Acc: 0.4840, LR: 0.0002740
2025-05-23 21:44:29,915 - INFO - Trial 7, Epoch 17/100, Val Balanced Acc: 0.4696, LR: 0.0002718
2025-05-23 21:44:50,367 - INFO - Trial 7, Epoch 18/100, Val Balanced Acc: 0.4517, LR: 0.0002694
2025-05-23 21:45:10,272 - INFO - Trial 7, Epoch 19/100, Val Balanced Acc: 0.4918, LR: 0.0002669
2025-05-23 21:45:30,007 - INFO - Trial 7, Epoch 20/100, Val Balanced Acc: 0.4958, LR: 0.0002642
2025-05-23 21:45:49,508 - INFO - Trial 7, Epoch 21/100, Val Balanced Acc: 0.4760, LR: 0.0002615
2025-05-23 21:46:09,147 - INFO - Trial 7, Epoch 22/100, Val Balanced Acc: 0.4859, LR: 0.0002586
2025-05-23 21:46:28,900 - INFO - Trial 7, Epoch 23/100, Val Balanced Acc: 0.4912, LR: 0.0002556
2025-05-23 21:46:48,203 - INFO - Trial 7, Epoch 24/100, Val Balanced Acc: 0.4930, LR: 0.0002525
2025-05-23 21:47:08,124 - INFO - Trial 7, Epoch 25/100, Val Balanced Acc: 0.4807, LR: 0.0002493
2025-05-23 21:47:27,995 - INFO - Trial 7, Epoch 26/100, Val Balanced Acc: 0.4915, LR: 0.0002461
2025-05-23 21:47:47,676 - INFO - Trial 7, Epoch 27/100, Val Balanced Acc: 0.4809, LR: 0.0002427
2025-05-23 21:48:07,108 - INFO - Trial 7, Epoch 28/100, Val Balanced Acc: 0.5088, LR: 0.0002392
2025-05-23 21:48:26,946 - INFO - Trial 7, Epoch 29/100, Val Balanced Acc: 0.5170, LR: 0.0002356
2025-05-23 21:48:46,575 - INFO - Trial 7, Epoch 30/100, Val Balanced Acc: 0.5232, LR: 0.0002319
2025-05-23 21:49:06,308 - INFO - Trial 7, Epoch 31/100, Val Balanced Acc: 0.4979, LR: 0.0002282
2025-05-23 21:49:26,064 - INFO - Trial 7, Epoch 32/100, Val Balanced Acc: 0.5139, LR: 0.0002243
2025-05-23 21:49:45,860 - INFO - Trial 7, Epoch 33/100, Val Balanced Acc: 0.5206, LR: 0.0002204
2025-05-23 21:50:05,532 - INFO - Trial 7, Epoch 34/100, Val Balanced Acc: 0.5136, LR: 0.0002165
2025-05-23 21:50:25,551 - INFO - Trial 7, Epoch 35/100, Val Balanced Acc: 0.5193, LR: 0.0002124
2025-05-23 21:50:45,357 - INFO - Trial 7, Epoch 36/100, Val Balanced Acc: 0.5516, LR: 0.0002083
2025-05-23 21:51:05,231 - INFO - Trial 7, Epoch 37/100, Val Balanced Acc: 0.5301, LR: 0.0002041
2025-05-23 21:51:25,302 - INFO - Trial 7, Epoch 38/100, Val Balanced Acc: 0.5384, LR: 0.0001999
2025-05-23 21:51:44,930 - INFO - Trial 7, Epoch 39/100, Val Balanced Acc: 0.5388, LR: 0.0001956
2025-05-23 21:52:04,608 - INFO - Trial 7, Epoch 40/100, Val Balanced Acc: 0.5365, LR: 0.0001912
2025-05-23 21:52:24,690 - INFO - Trial 7, Epoch 41/100, Val Balanced Acc: 0.5446, LR: 0.0001869
2025-05-23 21:52:44,449 - INFO - Trial 7, Epoch 42/100, Val Balanced Acc: 0.5248, LR: 0.0001824
2025-05-23 21:53:04,436 - INFO - Trial 7, Epoch 43/100, Val Balanced Acc: 0.5145, LR: 0.0001780
2025-05-23 21:53:24,644 - INFO - Trial 7, Epoch 44/100, Val Balanced Acc: 0.5192, LR: 0.0001735
2025-05-23 21:53:44,572 - INFO - Trial 7, Epoch 45/100, Val Balanced Acc: 0.5374, LR: 0.0001690
2025-05-23 21:54:04,454 - INFO - Trial 7, Epoch 46/100, Val Balanced Acc: 0.5239, LR: 0.0001644
2025-05-23 21:54:24,105 - INFO - Trial 7, Epoch 47/100, Val Balanced Acc: 0.5385, LR: 0.0001599
2025-05-23 21:54:43,922 - INFO - Trial 7, Epoch 48/100, Val Balanced Acc: 0.5154, LR: 0.0001553
2025-05-23 21:55:03,968 - INFO - Trial 7, Epoch 49/100, Val Balanced Acc: 0.5286, LR: 0.0001507
2025-05-23 21:55:24,120 - INFO - Trial 7, Epoch 50/100, Val Balanced Acc: 0.4611, LR: 0.0001461
2025-05-23 21:55:44,145 - INFO - Trial 7, Epoch 51/100, Val Balanced Acc: 0.5181, LR: 0.0001415
2025-05-23 21:56:03,785 - INFO - Trial 7, Epoch 52/100, Val Balanced Acc: 0.5320, LR: 0.0001370
2025-05-23 21:56:23,358 - INFO - Trial 7, Epoch 53/100, Val Balanced Acc: 0.5415, LR: 0.0001324
2025-05-23 21:56:43,101 - INFO - Trial 7, Epoch 54/100, Val Balanced Acc: 0.5299, LR: 0.0001278
2025-05-23 21:57:03,131 - INFO - Trial 7, Epoch 55/100, Val Balanced Acc: 0.5262, LR: 0.0001233
2025-05-23 21:57:23,230 - INFO - Trial 7, Epoch 56/100, Val Balanced Acc: 0.5176, LR: 0.0001188
2025-05-23 21:57:23,230 - INFO - Trial 7: Early stopping at epoch 56.
2025-05-23 21:57:23,236 - INFO - 
--- Trial 8 ---
2025-05-23 21:57:23,236 - INFO - Parametry: {'lr': 4.1263376982877716e-05, 'hidden_size': 32, 'dropout_val': 0.29861010624772155, 'lstm_dropout_val': 0.013483029074852127, 'weight_decay': 1.4676931485271894e-05, 'alpha_class_weighting': 0.9773448207586368, 'batch_size': 16, 'eta_min_scheduler': 2.0989814768445249e-07}
2025-05-23 21:57:42,733 - INFO - Trial 8, Epoch 1/100, Val Balanced Acc: 0.2000, LR: 0.0000413
2025-05-23 21:57:42,734 - INFO - 
--- Trial 9 ---
2025-05-23 21:57:42,734 - INFO - Parametry: {'lr': 0.00033027010551871813, 'hidden_size': 128, 'dropout_val': 0.15193222061311973, 'lstm_dropout_val': 0.186771402749624, 'weight_decay': 1.2300863820499724e-06, 'alpha_class_weighting': 1.0592567904015602, 'batch_size': 32, 'eta_min_scheduler': 2.3690709437599813e-07}
2025-05-23 21:57:56,204 - INFO - Trial 9, Epoch 1/100, Val Balanced Acc: 0.3161, LR: 0.0003302
2025-05-23 21:58:09,245 - INFO - Trial 9, Epoch 2/100, Val Balanced Acc: 0.3581, LR: 0.0003299
2025-05-23 21:58:22,367 - INFO - Trial 9, Epoch 3/100, Val Balanced Acc: 0.4184, LR: 0.0003295
2025-05-23 21:58:35,978 - INFO - Trial 9, Epoch 4/100, Val Balanced Acc: 0.4030, LR: 0.0003290
2025-05-23 21:58:49,505 - INFO - Trial 9, Epoch 5/100, Val Balanced Acc: 0.3743, LR: 0.0003282
2025-05-23 21:59:02,894 - INFO - Trial 9, Epoch 6/100, Val Balanced Acc: 0.4490, LR: 0.0003273
2025-05-23 21:59:16,408 - INFO - Trial 9, Epoch 7/100, Val Balanced Acc: 0.4024, LR: 0.0003263
2025-05-23 21:59:29,819 - INFO - Trial 9, Epoch 8/100, Val Balanced Acc: 0.4964, LR: 0.0003251
2025-05-23 21:59:43,047 - INFO - Trial 9, Epoch 9/100, Val Balanced Acc: 0.4585, LR: 0.0003237
2025-05-23 21:59:56,400 - INFO - Trial 9, Epoch 10/100, Val Balanced Acc: 0.4874, LR: 0.0003222
2025-05-23 22:00:09,843 - INFO - Trial 9, Epoch 11/100, Val Balanced Acc: 0.4838, LR: 0.0003205
2025-05-23 22:00:23,187 - INFO - Trial 9, Epoch 12/100, Val Balanced Acc: 0.4667, LR: 0.0003187
2025-05-23 22:00:36,552 - INFO - Trial 9, Epoch 13/100, Val Balanced Acc: 0.5067, LR: 0.0003167
2025-05-23 22:00:50,179 - INFO - Trial 9, Epoch 14/100, Val Balanced Acc: 0.4878, LR: 0.0003146
2025-05-23 22:01:03,675 - INFO - Trial 9, Epoch 15/100, Val Balanced Acc: 0.5067, LR: 0.0003123
2025-05-23 22:01:17,164 - INFO - Trial 9, Epoch 16/100, Val Balanced Acc: 0.5193, LR: 0.0003099
2025-05-23 22:01:30,890 - INFO - Trial 9, Epoch 17/100, Val Balanced Acc: 0.5203, LR: 0.0003073
2025-05-23 22:01:44,426 - INFO - Trial 9, Epoch 18/100, Val Balanced Acc: 0.5211, LR: 0.0003046
2025-05-23 22:01:58,049 - INFO - Trial 9, Epoch 19/100, Val Balanced Acc: 0.5685, LR: 0.0003017
2025-05-23 22:02:11,321 - INFO - Trial 9, Epoch 20/100, Val Balanced Acc: 0.5746, LR: 0.0002988
2025-05-23 22:02:25,142 - INFO - Trial 9, Epoch 21/100, Val Balanced Acc: 0.5285, LR: 0.0002956
2025-05-23 22:02:38,249 - INFO - Trial 9, Epoch 22/100, Val Balanced Acc: 0.5403, LR: 0.0002924
2025-05-23 22:02:51,847 - INFO - Trial 9, Epoch 23/100, Val Balanced Acc: 0.5087, LR: 0.0002890
2025-05-23 22:03:05,093 - INFO - Trial 9, Epoch 24/100, Val Balanced Acc: 0.5381, LR: 0.0002855
2025-05-23 22:03:18,616 - INFO - Trial 9, Epoch 25/100, Val Balanced Acc: 0.5793, LR: 0.0002819
2025-05-23 22:03:32,381 - INFO - Trial 9, Epoch 26/100, Val Balanced Acc: 0.5871, LR: 0.0002782
2025-05-23 22:03:45,970 - INFO - Trial 9, Epoch 27/100, Val Balanced Acc: 0.5701, LR: 0.0002744
2025-05-23 22:03:59,580 - INFO - Trial 9, Epoch 28/100, Val Balanced Acc: 0.5996, LR: 0.0002704
2025-05-23 22:04:12,851 - INFO - Trial 9, Epoch 29/100, Val Balanced Acc: 0.5730, LR: 0.0002664
2025-05-23 22:04:26,206 - INFO - Trial 9, Epoch 30/100, Val Balanced Acc: 0.5364, LR: 0.0002622
2025-05-23 22:04:39,684 - INFO - Trial 9, Epoch 31/100, Val Balanced Acc: 0.5794, LR: 0.0002580
2025-05-23 22:04:53,067 - INFO - Trial 9, Epoch 32/100, Val Balanced Acc: 0.5923, LR: 0.0002537
2025-05-23 22:05:06,707 - INFO - Trial 9, Epoch 33/100, Val Balanced Acc: 0.5916, LR: 0.0002493
2025-05-23 22:05:20,214 - INFO - Trial 9, Epoch 34/100, Val Balanced Acc: 0.6050, LR: 0.0002448
2025-05-23 22:05:33,808 - INFO - Trial 9, Epoch 35/100, Val Balanced Acc: 0.6079, LR: 0.0002402
2025-05-23 22:05:47,326 - INFO - Trial 9, Epoch 36/100, Val Balanced Acc: 0.6106, LR: 0.0002355
2025-05-23 22:06:01,053 - INFO - Trial 9, Epoch 37/100, Val Balanced Acc: 0.5678, LR: 0.0002308
2025-05-23 22:06:14,648 - INFO - Trial 9, Epoch 38/100, Val Balanced Acc: 0.5781, LR: 0.0002260
2025-05-23 22:06:27,998 - INFO - Trial 9, Epoch 39/100, Val Balanced Acc: 0.5858, LR: 0.0002212
2025-05-23 22:06:41,571 - INFO - Trial 9, Epoch 40/100, Val Balanced Acc: 0.5901, LR: 0.0002162
2025-05-23 22:06:54,688 - INFO - Trial 9, Epoch 41/100, Val Balanced Acc: 0.6109, LR: 0.0002113
2025-05-23 22:07:08,381 - INFO - Trial 9, Epoch 42/100, Val Balanced Acc: 0.5994, LR: 0.0002063
2025-05-23 22:07:22,068 - INFO - Trial 9, Epoch 43/100, Val Balanced Acc: 0.6290, LR: 0.0002013
2025-05-23 22:07:35,478 - INFO - Trial 9, Epoch 44/100, Val Balanced Acc: 0.6329, LR: 0.0001962
2025-05-23 22:07:49,013 - INFO - Trial 9, Epoch 45/100, Val Balanced Acc: 0.5634, LR: 0.0001911
2025-05-23 22:08:02,466 - INFO - Trial 9, Epoch 46/100, Val Balanced Acc: 0.6354, LR: 0.0001859
2025-05-23 22:08:16,272 - INFO - Trial 9, Epoch 47/100, Val Balanced Acc: 0.6411, LR: 0.0001808
2025-05-23 22:08:29,499 - INFO - Trial 9, Epoch 48/100, Val Balanced Acc: 0.6135, LR: 0.0001756
2025-05-23 22:08:43,070 - INFO - Trial 9, Epoch 49/100, Val Balanced Acc: 0.6255, LR: 0.0001704
2025-05-23 22:08:56,313 - INFO - Trial 9, Epoch 50/100, Val Balanced Acc: 0.6567, LR: 0.0001653
2025-05-23 22:09:09,578 - INFO - Trial 9, Epoch 51/100, Val Balanced Acc: 0.6100, LR: 0.0001601
2025-05-23 22:09:23,083 - INFO - Trial 9, Epoch 52/100, Val Balanced Acc: 0.6275, LR: 0.0001549
2025-05-23 22:09:36,597 - INFO - Trial 9, Epoch 53/100, Val Balanced Acc: 0.6203, LR: 0.0001497
2025-05-23 22:09:49,969 - INFO - Trial 9, Epoch 54/100, Val Balanced Acc: 0.6313, LR: 0.0001446
2025-05-23 22:10:03,212 - INFO - Trial 9, Epoch 55/100, Val Balanced Acc: 0.6153, LR: 0.0001394
2025-05-23 22:10:16,554 - INFO - Trial 9, Epoch 56/100, Val Balanced Acc: 0.6253, LR: 0.0001343
2025-05-23 22:10:30,149 - INFO - Trial 9, Epoch 57/100, Val Balanced Acc: 0.6250, LR: 0.0001293
2025-05-23 22:10:43,335 - INFO - Trial 9, Epoch 58/100, Val Balanced Acc: 0.5973, LR: 0.0001242
2025-05-23 22:10:56,930 - INFO - Trial 9, Epoch 59/100, Val Balanced Acc: 0.6300, LR: 0.0001192
2025-05-23 22:11:10,259 - INFO - Trial 9, Epoch 60/100, Val Balanced Acc: 0.6152, LR: 0.0001143
2025-05-23 22:11:23,896 - INFO - Trial 9, Epoch 61/100, Val Balanced Acc: 0.6249, LR: 0.0001094
2025-05-23 22:11:37,497 - INFO - Trial 9, Epoch 62/100, Val Balanced Acc: 0.6243, LR: 0.0001045
2025-05-23 22:11:51,175 - INFO - Trial 9, Epoch 63/100, Val Balanced Acc: 0.6279, LR: 0.0000997
2025-05-23 22:12:04,642 - INFO - Trial 9, Epoch 64/100, Val Balanced Acc: 0.6261, LR: 0.0000950
2025-05-23 22:12:17,910 - INFO - Trial 9, Epoch 65/100, Val Balanced Acc: 0.6218, LR: 0.0000903
2025-05-23 22:12:31,226 - INFO - Trial 9, Epoch 66/100, Val Balanced Acc: 0.6274, LR: 0.0000858
2025-05-23 22:12:44,557 - INFO - Trial 9, Epoch 67/100, Val Balanced Acc: 0.6264, LR: 0.0000813
2025-05-23 22:12:57,673 - INFO - Trial 9, Epoch 68/100, Val Balanced Acc: 0.6344, LR: 0.0000768
2025-05-23 22:13:10,911 - INFO - Trial 9, Epoch 69/100, Val Balanced Acc: 0.6373, LR: 0.0000725
2025-05-23 22:13:24,335 - INFO - Trial 9, Epoch 70/100, Val Balanced Acc: 0.6250, LR: 0.0000683
2025-05-23 22:13:24,335 - INFO - Trial 9: Early stopping at epoch 70.
2025-05-23 22:13:24,369 - INFO - 
--- Trial 10 ---
2025-05-23 22:13:24,369 - INFO - Parametry: {'lr': 0.0004995680085044832, 'hidden_size': 128, 'dropout_val': 0.15570225291280407, 'lstm_dropout_val': 0.211483217075906, 'weight_decay': 1.0514035455342983e-06, 'alpha_class_weighting': 1.1711258922853984, 'batch_size': 32, 'eta_min_scheduler': 1.0164672430830348e-07}
2025-05-23 22:13:38,281 - INFO - Trial 10, Epoch 1/100, Val Balanced Acc: 0.3080, LR: 0.0004994
2025-05-23 22:13:52,119 - INFO - Trial 10, Epoch 2/100, Val Balanced Acc: 0.4128, LR: 0.0004991
2025-05-23 22:14:05,492 - INFO - Trial 10, Epoch 3/100, Val Balanced Acc: 0.4514, LR: 0.0004985
2025-05-23 22:14:18,796 - INFO - Trial 10, Epoch 4/100, Val Balanced Acc: 0.4481, LR: 0.0004976
2025-05-23 22:14:32,402 - INFO - Trial 10, Epoch 5/100, Val Balanced Acc: 0.4537, LR: 0.0004965
2025-05-23 22:14:45,964 - INFO - Trial 10, Epoch 6/100, Val Balanced Acc: 0.5175, LR: 0.0004951
2025-05-23 22:14:59,423 - INFO - Trial 10, Epoch 7/100, Val Balanced Acc: 0.4937, LR: 0.0004936
2025-05-23 22:15:12,994 - INFO - Trial 10, Epoch 8/100, Val Balanced Acc: 0.5051, LR: 0.0004917
2025-05-23 22:15:26,172 - INFO - Trial 10, Epoch 9/100, Val Balanced Acc: 0.5352, LR: 0.0004897
2025-05-23 22:15:39,455 - INFO - Trial 10, Epoch 10/100, Val Balanced Acc: 0.5331, LR: 0.0004873
2025-05-23 22:15:53,249 - INFO - Trial 10, Epoch 11/100, Val Balanced Acc: 0.5556, LR: 0.0004848
2025-05-23 22:16:06,884 - INFO - Trial 10, Epoch 12/100, Val Balanced Acc: 0.5745, LR: 0.0004820
2025-05-23 22:16:20,505 - INFO - Trial 10, Epoch 13/100, Val Balanced Acc: 0.3410, LR: 0.0004790
2025-05-23 22:16:33,951 - INFO - Trial 10, Epoch 14/100, Val Balanced Acc: 0.4782, LR: 0.0004758
2025-05-23 22:16:47,659 - INFO - Trial 10, Epoch 15/100, Val Balanced Acc: 0.4465, LR: 0.0004723
2025-05-23 22:17:01,246 - INFO - Trial 10, Epoch 16/100, Val Balanced Acc: 0.5264, LR: 0.0004687
2025-05-23 22:17:14,897 - INFO - Trial 10, Epoch 17/100, Val Balanced Acc: 0.5655, LR: 0.0004648
2025-05-23 22:17:28,670 - INFO - Trial 10, Epoch 18/100, Val Balanced Acc: 0.5926, LR: 0.0004607
2025-05-23 22:17:42,228 - INFO - Trial 10, Epoch 19/100, Val Balanced Acc: 0.6078, LR: 0.0004564
2025-05-23 22:17:55,809 - INFO - Trial 10, Epoch 20/100, Val Balanced Acc: 0.5405, LR: 0.0004519
2025-05-23 22:18:09,360 - INFO - Trial 10, Epoch 21/100, Val Balanced Acc: 0.5740, LR: 0.0004472
2025-05-23 22:18:22,800 - INFO - Trial 10, Epoch 22/100, Val Balanced Acc: 0.6031, LR: 0.0004423
2025-05-23 22:18:36,434 - INFO - Trial 10, Epoch 23/100, Val Balanced Acc: 0.5691, LR: 0.0004372
2025-05-23 22:18:49,763 - INFO - Trial 10, Epoch 24/100, Val Balanced Acc: 0.5743, LR: 0.0004319
2025-05-23 22:19:03,374 - INFO - Trial 10, Epoch 25/100, Val Balanced Acc: 0.6056, LR: 0.0004264
2025-05-23 22:19:16,845 - INFO - Trial 10, Epoch 26/100, Val Balanced Acc: 0.5489, LR: 0.0004208
2025-05-23 22:19:30,269 - INFO - Trial 10, Epoch 27/100, Val Balanced Acc: 0.6231, LR: 0.0004150
2025-05-23 22:19:43,786 - INFO - Trial 10, Epoch 28/100, Val Balanced Acc: 0.6316, LR: 0.0004090
2025-05-23 22:19:57,423 - INFO - Trial 10, Epoch 29/100, Val Balanced Acc: 0.6236, LR: 0.0004029
2025-05-23 22:20:10,971 - INFO - Trial 10, Epoch 30/100, Val Balanced Acc: 0.5978, LR: 0.0003966
2025-05-23 22:20:24,514 - INFO - Trial 10, Epoch 31/100, Val Balanced Acc: 0.5902, LR: 0.0003902
2025-05-23 22:20:38,453 - INFO - Trial 10, Epoch 32/100, Val Balanced Acc: 0.5851, LR: 0.0003836
2025-05-23 22:20:52,153 - INFO - Trial 10, Epoch 33/100, Val Balanced Acc: 0.6159, LR: 0.0003770
2025-05-23 22:21:05,671 - INFO - Trial 10, Epoch 34/100, Val Balanced Acc: 0.6212, LR: 0.0003701
2025-05-23 22:21:19,429 - INFO - Trial 10, Epoch 35/100, Val Balanced Acc: 0.6077, LR: 0.0003632
2025-05-23 22:21:33,099 - INFO - Trial 10, Epoch 36/100, Val Balanced Acc: 0.6419, LR: 0.0003562
2025-05-23 22:21:46,909 - INFO - Trial 10, Epoch 37/100, Val Balanced Acc: 0.5980, LR: 0.0003490
2025-05-23 22:22:00,283 - INFO - Trial 10, Epoch 38/100, Val Balanced Acc: 0.6026, LR: 0.0003418
2025-05-23 22:22:13,601 - INFO - Trial 10, Epoch 39/100, Val Balanced Acc: 0.6448, LR: 0.0003344
2025-05-23 22:22:27,345 - INFO - Trial 10, Epoch 40/100, Val Balanced Acc: 0.6277, LR: 0.0003270
2025-05-23 22:22:41,129 - INFO - Trial 10, Epoch 41/100, Val Balanced Acc: 0.5907, LR: 0.0003195
2025-05-23 22:22:54,698 - INFO - Trial 10, Epoch 42/100, Val Balanced Acc: 0.6502, LR: 0.0003119
2025-05-23 22:23:08,515 - INFO - Trial 10, Epoch 43/100, Val Balanced Acc: 0.6108, LR: 0.0003043
2025-05-23 22:23:21,925 - INFO - Trial 10, Epoch 44/100, Val Balanced Acc: 0.6189, LR: 0.0002966
2025-05-23 22:23:35,310 - INFO - Trial 10, Epoch 45/100, Val Balanced Acc: 0.6175, LR: 0.0002889
2025-05-23 22:23:48,502 - INFO - Trial 10, Epoch 46/100, Val Balanced Acc: 0.6096, LR: 0.0002811
2025-05-23 22:24:01,738 - INFO - Trial 10, Epoch 47/100, Val Balanced Acc: 0.6488, LR: 0.0002733
2025-05-23 22:24:14,931 - INFO - Trial 10, Epoch 48/100, Val Balanced Acc: 0.6019, LR: 0.0002655
2025-05-23 22:24:28,872 - INFO - Trial 10, Epoch 49/100, Val Balanced Acc: 0.6309, LR: 0.0002577
2025-05-23 22:24:42,411 - INFO - Trial 10, Epoch 50/100, Val Balanced Acc: 0.5948, LR: 0.0002498
2025-05-23 22:24:56,273 - INFO - Trial 10, Epoch 51/100, Val Balanced Acc: 0.6176, LR: 0.0002420
2025-05-23 22:25:09,975 - INFO - Trial 10, Epoch 52/100, Val Balanced Acc: 0.5930, LR: 0.0002342
2025-05-23 22:25:23,475 - INFO - Trial 10, Epoch 53/100, Val Balanced Acc: 0.6108, LR: 0.0002263
2025-05-23 22:25:37,173 - INFO - Trial 10, Epoch 54/100, Val Balanced Acc: 0.6501, LR: 0.0002185
2025-05-23 22:25:50,755 - INFO - Trial 10, Epoch 55/100, Val Balanced Acc: 0.6395, LR: 0.0002108
2025-05-23 22:26:04,389 - INFO - Trial 10, Epoch 56/100, Val Balanced Acc: 0.6250, LR: 0.0002030
2025-05-23 22:26:18,048 - INFO - Trial 10, Epoch 57/100, Val Balanced Acc: 0.5988, LR: 0.0001954
2025-05-23 22:26:31,834 - INFO - Trial 10, Epoch 58/100, Val Balanced Acc: 0.6358, LR: 0.0001877
2025-05-23 22:26:45,254 - INFO - Trial 10, Epoch 59/100, Val Balanced Acc: 0.6295, LR: 0.0001802
2025-05-23 22:26:58,974 - INFO - Trial 10, Epoch 60/100, Val Balanced Acc: 0.6444, LR: 0.0001727
2025-05-23 22:27:12,971 - INFO - Trial 10, Epoch 61/100, Val Balanced Acc: 0.6341, LR: 0.0001652
2025-05-23 22:27:26,617 - INFO - Trial 10, Epoch 62/100, Val Balanced Acc: 0.6263, LR: 0.0001579
2025-05-23 22:27:26,617 - INFO - Trial 10: Early stopping at epoch 62.
2025-05-23 22:27:26,719 - INFO - 
--- Trial 11 ---
2025-05-23 22:27:26,719 - INFO - Parametry: {'lr': 0.0004944119556130166, 'hidden_size': 128, 'dropout_val': 0.15572871991416604, 'lstm_dropout_val': 0.21378521117629742, 'weight_decay': 1.0787717391499634e-06, 'alpha_class_weighting': 1.1870286127058354, 'batch_size': 32, 'eta_min_scheduler': 1.0570139841797288e-07}
2025-05-23 22:27:40,519 - INFO - Trial 11, Epoch 1/100, Val Balanced Acc: 0.3130, LR: 0.0004943
2025-05-23 22:27:54,040 - INFO - Trial 11, Epoch 2/100, Val Balanced Acc: 0.3463, LR: 0.0004939
2025-05-23 22:28:07,511 - INFO - Trial 11, Epoch 3/100, Val Balanced Acc: 0.4203, LR: 0.0004933
2025-05-23 22:28:21,074 - INFO - Trial 11, Epoch 4/100, Val Balanced Acc: 0.4184, LR: 0.0004925
2025-05-23 22:28:34,772 - INFO - Trial 11, Epoch 5/100, Val Balanced Acc: 0.4331, LR: 0.0004914
2025-05-23 22:28:48,403 - INFO - Trial 11, Epoch 6/100, Val Balanced Acc: 0.4516, LR: 0.0004900
2025-05-23 22:29:01,650 - INFO - Trial 11, Epoch 7/100, Val Balanced Acc: 0.5012, LR: 0.0004885
2025-05-23 22:29:15,024 - INFO - Trial 11, Epoch 8/100, Val Balanced Acc: 0.5336, LR: 0.0004866
2025-05-23 22:29:28,783 - INFO - Trial 11, Epoch 9/100, Val Balanced Acc: 0.4575, LR: 0.0004846
2025-05-23 22:29:42,220 - INFO - Trial 11, Epoch 10/100, Val Balanced Acc: 0.5468, LR: 0.0004823
2025-05-23 22:29:56,255 - INFO - Trial 11, Epoch 11/100, Val Balanced Acc: 0.5584, LR: 0.0004798
2025-05-23 22:30:10,661 - INFO - Trial 11, Epoch 12/100, Val Balanced Acc: 0.5775, LR: 0.0004771
2025-05-23 22:30:24,700 - INFO - Trial 11, Epoch 13/100, Val Balanced Acc: 0.5582, LR: 0.0004741
2025-05-23 22:30:39,128 - INFO - Trial 11, Epoch 14/100, Val Balanced Acc: 0.5780, LR: 0.0004709
2025-05-23 22:30:53,676 - INFO - Trial 11, Epoch 15/100, Val Balanced Acc: 0.5445, LR: 0.0004675
2025-05-23 22:31:07,795 - INFO - Trial 11, Epoch 16/100, Val Balanced Acc: 0.5246, LR: 0.0004638
2025-05-23 22:31:21,505 - INFO - Trial 11, Epoch 17/100, Val Balanced Acc: 0.5045, LR: 0.0004600
2025-05-23 22:31:35,041 - INFO - Trial 11, Epoch 18/100, Val Balanced Acc: 0.5750, LR: 0.0004559
2025-05-23 22:31:48,638 - INFO - Trial 11, Epoch 19/100, Val Balanced Acc: 0.5702, LR: 0.0004517
2025-05-23 22:32:02,054 - INFO - Trial 11, Epoch 20/100, Val Balanced Acc: 0.6031, LR: 0.0004472
2025-05-23 22:32:15,640 - INFO - Trial 11, Epoch 21/100, Val Balanced Acc: 0.6069, LR: 0.0004425
2025-05-23 22:32:29,162 - INFO - Trial 11, Epoch 22/100, Val Balanced Acc: 0.5582, LR: 0.0004377
2025-05-23 22:32:42,916 - INFO - Trial 11, Epoch 23/100, Val Balanced Acc: 0.6090, LR: 0.0004327
2025-05-23 22:32:56,671 - INFO - Trial 11, Epoch 24/100, Val Balanced Acc: 0.6104, LR: 0.0004274
2025-05-23 22:33:10,370 - INFO - Trial 11, Epoch 25/100, Val Balanced Acc: 0.5765, LR: 0.0004220
2025-05-23 22:33:24,154 - INFO - Trial 11, Epoch 26/100, Val Balanced Acc: 0.5958, LR: 0.0004164
2025-05-23 22:33:37,976 - INFO - Trial 11, Epoch 27/100, Val Balanced Acc: 0.5954, LR: 0.0004107
2025-05-23 22:33:51,500 - INFO - Trial 11, Epoch 28/100, Val Balanced Acc: 0.5778, LR: 0.0004048
2025-05-23 22:34:05,127 - INFO - Trial 11, Epoch 29/100, Val Balanced Acc: 0.6148, LR: 0.0003987
2025-05-23 22:34:18,465 - INFO - Trial 11, Epoch 30/100, Val Balanced Acc: 0.5956, LR: 0.0003925
2025-05-23 22:34:32,086 - INFO - Trial 11, Epoch 31/100, Val Balanced Acc: 0.5973, LR: 0.0003862
2025-05-23 22:34:45,791 - INFO - Trial 11, Epoch 32/100, Val Balanced Acc: 0.6045, LR: 0.0003797
2025-05-23 22:34:59,596 - INFO - Trial 11, Epoch 33/100, Val Balanced Acc: 0.5943, LR: 0.0003731
2025-05-23 22:35:13,120 - INFO - Trial 11, Epoch 34/100, Val Balanced Acc: 0.6120, LR: 0.0003663
2025-05-23 22:35:26,532 - INFO - Trial 11, Epoch 35/100, Val Balanced Acc: 0.5684, LR: 0.0003595
2025-05-23 22:35:39,628 - INFO - Trial 11, Epoch 36/100, Val Balanced Acc: 0.6178, LR: 0.0003525
2025-05-23 22:35:53,413 - INFO - Trial 11, Epoch 37/100, Val Balanced Acc: 0.6233, LR: 0.0003454
2025-05-23 22:36:06,749 - INFO - Trial 11, Epoch 38/100, Val Balanced Acc: 0.6286, LR: 0.0003382
2025-05-23 22:36:20,345 - INFO - Trial 11, Epoch 39/100, Val Balanced Acc: 0.6101, LR: 0.0003310
2025-05-23 22:36:33,914 - INFO - Trial 11, Epoch 40/100, Val Balanced Acc: 0.6351, LR: 0.0003236
2025-05-23 22:36:47,722 - INFO - Trial 11, Epoch 41/100, Val Balanced Acc: 0.5985, LR: 0.0003162
2025-05-23 22:37:01,275 - INFO - Trial 11, Epoch 42/100, Val Balanced Acc: 0.6111, LR: 0.0003087
2025-05-23 22:37:15,089 - INFO - Trial 11, Epoch 43/100, Val Balanced Acc: 0.5994, LR: 0.0003012
2025-05-23 22:37:28,546 - INFO - Trial 11, Epoch 44/100, Val Balanced Acc: 0.6199, LR: 0.0002936
2025-05-23 22:37:42,206 - INFO - Trial 11, Epoch 45/100, Val Balanced Acc: 0.6426, LR: 0.0002859
2025-05-23 22:37:55,748 - INFO - Trial 11, Epoch 46/100, Val Balanced Acc: 0.6316, LR: 0.0002782
2025-05-23 22:38:09,484 - INFO - Trial 11, Epoch 47/100, Val Balanced Acc: 0.6238, LR: 0.0002705
2025-05-23 22:38:23,408 - INFO - Trial 11, Epoch 48/100, Val Balanced Acc: 0.6344, LR: 0.0002628
2025-05-23 22:38:36,841 - INFO - Trial 11, Epoch 49/100, Val Balanced Acc: 0.6136, LR: 0.0002550
2025-05-23 22:38:50,215 - INFO - Trial 11, Epoch 50/100, Val Balanced Acc: 0.6369, LR: 0.0002473
2025-05-23 22:39:03,728 - INFO - Trial 11, Epoch 51/100, Val Balanced Acc: 0.6649, LR: 0.0002395
2025-05-23 22:39:17,303 - INFO - Trial 11, Epoch 52/100, Val Balanced Acc: 0.6387, LR: 0.0002317
2025-05-23 22:39:30,660 - INFO - Trial 11, Epoch 53/100, Val Balanced Acc: 0.6592, LR: 0.0002240
2025-05-23 22:39:44,277 - INFO - Trial 11, Epoch 54/100, Val Balanced Acc: 0.6501, LR: 0.0002163
2025-05-23 22:39:57,850 - INFO - Trial 11, Epoch 55/100, Val Balanced Acc: 0.6399, LR: 0.0002086
2025-05-23 22:40:11,200 - INFO - Trial 11, Epoch 56/100, Val Balanced Acc: 0.6501, LR: 0.0002009
2025-05-23 22:40:24,674 - INFO - Trial 11, Epoch 57/100, Val Balanced Acc: 0.6598, LR: 0.0001933
2025-05-23 22:40:38,978 - INFO - Trial 11, Epoch 58/100, Val Balanced Acc: 0.6479, LR: 0.0001858
2025-05-23 22:40:53,506 - INFO - Trial 11, Epoch 59/100, Val Balanced Acc: 0.6393, LR: 0.0001783
2025-05-23 22:41:08,088 - INFO - Trial 11, Epoch 60/100, Val Balanced Acc: 0.6572, LR: 0.0001709
2025-05-23 22:41:22,409 - INFO - Trial 11, Epoch 61/100, Val Balanced Acc: 0.6547, LR: 0.0001635
2025-05-23 22:41:36,501 - INFO - Trial 11, Epoch 62/100, Val Balanced Acc: 0.6463, LR: 0.0001563
2025-05-23 22:41:51,027 - INFO - Trial 11, Epoch 63/100, Val Balanced Acc: 0.6443, LR: 0.0001491
2025-05-23 22:42:05,490 - INFO - Trial 11, Epoch 64/100, Val Balanced Acc: 0.6413, LR: 0.0001420
2025-05-23 22:42:19,685 - INFO - Trial 11, Epoch 65/100, Val Balanced Acc: 0.6273, LR: 0.0001351
2025-05-23 22:42:34,172 - INFO - Trial 11, Epoch 66/100, Val Balanced Acc: 0.6438, LR: 0.0001282
2025-05-23 22:42:48,758 - INFO - Trial 11, Epoch 67/100, Val Balanced Acc: 0.6033, LR: 0.0001214
2025-05-23 22:43:02,743 - INFO - Trial 11, Epoch 68/100, Val Balanced Acc: 0.6338, LR: 0.0001148
2025-05-23 22:43:17,432 - INFO - Trial 11, Epoch 69/100, Val Balanced Acc: 0.6392, LR: 0.0001083
2025-05-23 22:43:31,883 - INFO - Trial 11, Epoch 70/100, Val Balanced Acc: 0.6726, LR: 0.0001020
2025-05-23 22:43:46,296 - INFO - Trial 11, Epoch 71/100, Val Balanced Acc: 0.6473, LR: 0.0000958
2025-05-23 22:44:00,504 - INFO - Trial 11, Epoch 72/100, Val Balanced Acc: 0.6416, LR: 0.0000897
2025-05-23 22:44:14,975 - INFO - Trial 11, Epoch 73/100, Val Balanced Acc: 0.6446, LR: 0.0000838
2025-05-23 22:44:29,161 - INFO - Trial 11, Epoch 74/100, Val Balanced Acc: 0.6425, LR: 0.0000781
2025-05-23 22:44:42,928 - INFO - Trial 11, Epoch 75/100, Val Balanced Acc: 0.6410, LR: 0.0000725
2025-05-23 22:44:57,260 - INFO - Trial 11, Epoch 76/100, Val Balanced Acc: 0.6329, LR: 0.0000671
2025-05-23 22:45:12,227 - INFO - Trial 11, Epoch 77/100, Val Balanced Acc: 0.6400, LR: 0.0000619
2025-05-23 22:45:26,987 - INFO - Trial 11, Epoch 78/100, Val Balanced Acc: 0.6423, LR: 0.0000568
2025-05-23 22:45:41,623 - INFO - Trial 11, Epoch 79/100, Val Balanced Acc: 0.6391, LR: 0.0000520
2025-05-23 22:45:56,580 - INFO - Trial 11, Epoch 80/100, Val Balanced Acc: 0.6455, LR: 0.0000473
2025-05-23 22:46:11,809 - INFO - Trial 11, Epoch 81/100, Val Balanced Acc: 0.6450, LR: 0.0000428
2025-05-23 22:46:26,868 - INFO - Trial 11, Epoch 82/100, Val Balanced Acc: 0.6436, LR: 0.0000386
2025-05-23 22:46:41,545 - INFO - Trial 11, Epoch 83/100, Val Balanced Acc: 0.6422, LR: 0.0000345
2025-05-23 22:46:55,690 - INFO - Trial 11, Epoch 84/100, Val Balanced Acc: 0.6321, LR: 0.0000307
2025-05-23 22:47:09,246 - INFO - Trial 11, Epoch 85/100, Val Balanced Acc: 0.6346, LR: 0.0000270
2025-05-23 22:47:23,078 - INFO - Trial 11, Epoch 86/100, Val Balanced Acc: 0.6443, LR: 0.0000236
2025-05-23 22:47:36,563 - INFO - Trial 11, Epoch 87/100, Val Balanced Acc: 0.6449, LR: 0.0000204
2025-05-23 22:47:50,250 - INFO - Trial 11, Epoch 88/100, Val Balanced Acc: 0.6370, LR: 0.0000175
2025-05-23 22:48:04,143 - INFO - Trial 11, Epoch 89/100, Val Balanced Acc: 0.6414, LR: 0.0000147
2025-05-23 22:48:17,792 - INFO - Trial 11, Epoch 90/100, Val Balanced Acc: 0.6445, LR: 0.0000122
2025-05-23 22:48:17,792 - INFO - Trial 11: Early stopping at epoch 90.
2025-05-23 22:48:17,812 - INFO - 
--- Trial 12 ---
2025-05-23 22:48:17,812 - INFO - Parametry: {'lr': 0.0002216963611704818, 'hidden_size': 128, 'dropout_val': 0.1520035457421553, 'lstm_dropout_val': 0.2942676871509604, 'weight_decay': 1.5518531385653066e-06, 'alpha_class_weighting': 1.0971471912406967, 'batch_size': 32, 'eta_min_scheduler': 2.1546520524315376e-07}
2025-05-23 22:48:31,739 - INFO - Trial 12, Epoch 1/100, Val Balanced Acc: 0.3024, LR: 0.0002216
2025-05-23 22:48:45,670 - INFO - Trial 12, Epoch 2/100, Val Balanced Acc: 0.2834, LR: 0.0002215
2025-05-23 22:48:59,008 - INFO - Trial 12, Epoch 3/100, Val Balanced Acc: 0.4205, LR: 0.0002212
2025-05-23 22:49:12,688 - INFO - Trial 12, Epoch 4/100, Val Balanced Acc: 0.4363, LR: 0.0002208
2025-05-23 22:49:26,094 - INFO - Trial 12, Epoch 5/100, Val Balanced Acc: 0.4290, LR: 0.0002203
2025-05-23 22:49:39,550 - INFO - Trial 12, Epoch 6/100, Val Balanced Acc: 0.4055, LR: 0.0002197
2025-05-23 22:49:52,942 - INFO - Trial 12, Epoch 7/100, Val Balanced Acc: 0.3929, LR: 0.0002190
2025-05-23 22:50:06,075 - INFO - Trial 12, Epoch 8/100, Val Balanced Acc: 0.4813, LR: 0.0002182
2025-05-23 22:50:19,828 - INFO - Trial 12, Epoch 9/100, Val Balanced Acc: 0.4789, LR: 0.0002173
2025-05-23 22:50:33,388 - INFO - Trial 12, Epoch 10/100, Val Balanced Acc: 0.4199, LR: 0.0002163
2025-05-23 22:50:46,724 - INFO - Trial 12, Epoch 11/100, Val Balanced Acc: 0.3753, LR: 0.0002151
2025-05-23 22:51:00,496 - INFO - Trial 12, Epoch 12/100, Val Balanced Acc: 0.4503, LR: 0.0002139
2025-05-23 22:51:14,040 - INFO - Trial 12, Epoch 13/100, Val Balanced Acc: 0.4680, LR: 0.0002126
2025-05-23 22:51:27,385 - INFO - Trial 12, Epoch 14/100, Val Balanced Acc: 0.4785, LR: 0.0002112
2025-05-23 22:51:40,904 - INFO - Trial 12, Epoch 15/100, Val Balanced Acc: 0.5131, LR: 0.0002096
2025-05-23 22:51:54,687 - INFO - Trial 12, Epoch 16/100, Val Balanced Acc: 0.5152, LR: 0.0002080
2025-05-23 22:52:08,222 - INFO - Trial 12, Epoch 17/100, Val Balanced Acc: 0.4945, LR: 0.0002063
2025-05-23 22:52:22,023 - INFO - Trial 12, Epoch 18/100, Val Balanced Acc: 0.5208, LR: 0.0002045
2025-05-23 22:52:35,080 - INFO - Trial 12, Epoch 19/100, Val Balanced Acc: 0.5108, LR: 0.0002025
2025-05-23 22:52:48,764 - INFO - Trial 12, Epoch 20/100, Val Balanced Acc: 0.5240, LR: 0.0002005
2025-05-23 22:53:02,688 - INFO - Trial 12, Epoch 21/100, Val Balanced Acc: 0.5439, LR: 0.0001985
2025-05-23 22:53:16,141 - INFO - Trial 12, Epoch 22/100, Val Balanced Acc: 0.5410, LR: 0.0001963
2025-05-23 22:53:29,831 - INFO - Trial 12, Epoch 23/100, Val Balanced Acc: 0.5415, LR: 0.0001940
2025-05-23 22:53:43,224 - INFO - Trial 12, Epoch 24/100, Val Balanced Acc: 0.5750, LR: 0.0001917
2025-05-23 22:53:56,820 - INFO - Trial 12, Epoch 25/100, Val Balanced Acc: 0.5324, LR: 0.0001893
2025-05-23 22:54:10,215 - INFO - Trial 12, Epoch 26/100, Val Balanced Acc: 0.5518, LR: 0.0001868
2025-05-23 22:54:23,982 - INFO - Trial 12, Epoch 27/100, Val Balanced Acc: 0.6103, LR: 0.0001842
2025-05-23 22:54:37,552 - INFO - Trial 12, Epoch 28/100, Val Balanced Acc: 0.5537, LR: 0.0001815
2025-05-23 22:54:51,129 - INFO - Trial 12, Epoch 29/100, Val Balanced Acc: 0.5117, LR: 0.0001788
2025-05-23 22:55:04,662 - INFO - Trial 12, Epoch 30/100, Val Balanced Acc: 0.5192, LR: 0.0001760
2025-05-23 22:55:18,292 - INFO - Trial 12, Epoch 31/100, Val Balanced Acc: 0.5352, LR: 0.0001732
2025-05-23 22:55:31,242 - INFO - Trial 12, Epoch 32/100, Val Balanced Acc: 0.5452, LR: 0.0001703
2025-05-23 22:55:44,680 - INFO - Trial 12, Epoch 33/100, Val Balanced Acc: 0.5331, LR: 0.0001673
2025-05-23 22:55:58,430 - INFO - Trial 12, Epoch 34/100, Val Balanced Acc: 0.5670, LR: 0.0001643
2025-05-23 22:56:11,723 - INFO - Trial 12, Epoch 35/100, Val Balanced Acc: 0.5489, LR: 0.0001612
2025-05-23 22:56:25,393 - INFO - Trial 12, Epoch 36/100, Val Balanced Acc: 0.5558, LR: 0.0001581
2025-05-23 22:56:39,222 - INFO - Trial 12, Epoch 37/100, Val Balanced Acc: 0.5754, LR: 0.0001549
2025-05-23 22:56:53,056 - INFO - Trial 12, Epoch 38/100, Val Balanced Acc: 0.5679, LR: 0.0001517
2025-05-23 22:57:06,958 - INFO - Trial 12, Epoch 39/100, Val Balanced Acc: 0.5707, LR: 0.0001485
2025-05-23 22:57:20,306 - INFO - Trial 12, Epoch 40/100, Val Balanced Acc: 0.5963, LR: 0.0001452
2025-05-23 22:57:33,470 - INFO - Trial 12, Epoch 41/100, Val Balanced Acc: 0.5591, LR: 0.0001419
2025-05-23 22:57:47,130 - INFO - Trial 12, Epoch 42/100, Val Balanced Acc: 0.5876, LR: 0.0001385
2025-05-23 22:58:00,472 - INFO - Trial 12, Epoch 43/100, Val Balanced Acc: 0.6268, LR: 0.0001351
2025-05-23 22:58:13,680 - INFO - Trial 12, Epoch 44/100, Val Balanced Acc: 0.6092, LR: 0.0001317
2025-05-23 22:58:27,009 - INFO - Trial 12, Epoch 45/100, Val Balanced Acc: 0.6109, LR: 0.0001283
2025-05-23 22:58:40,542 - INFO - Trial 12, Epoch 46/100, Val Balanced Acc: 0.6061, LR: 0.0001248
2025-05-23 22:58:53,798 - INFO - Trial 12, Epoch 47/100, Val Balanced Acc: 0.5935, LR: 0.0001214
2025-05-23 22:59:07,157 - INFO - Trial 12, Epoch 48/100, Val Balanced Acc: 0.6085, LR: 0.0001179
2025-05-23 22:59:20,411 - INFO - Trial 12, Epoch 49/100, Val Balanced Acc: 0.6029, LR: 0.0001144
2025-05-23 22:59:33,594 - INFO - Trial 12, Epoch 50/100, Val Balanced Acc: 0.6145, LR: 0.0001110
2025-05-23 22:59:47,108 - INFO - Trial 12, Epoch 51/100, Val Balanced Acc: 0.6224, LR: 0.0001075
2025-05-23 23:00:00,722 - INFO - Trial 12, Epoch 52/100, Val Balanced Acc: 0.5954, LR: 0.0001040
2025-05-23 23:00:14,522 - INFO - Trial 12, Epoch 53/100, Val Balanced Acc: 0.5807, LR: 0.0001005
2025-05-23 23:00:28,170 - INFO - Trial 12, Epoch 54/100, Val Balanced Acc: 0.6253, LR: 0.0000971
2025-05-23 23:00:41,799 - INFO - Trial 12, Epoch 55/100, Val Balanced Acc: 0.5973, LR: 0.0000936
2025-05-23 23:00:55,506 - INFO - Trial 12, Epoch 56/100, Val Balanced Acc: 0.6373, LR: 0.0000902
2025-05-23 23:01:08,937 - INFO - Trial 12, Epoch 57/100, Val Balanced Acc: 0.6138, LR: 0.0000868
2025-05-23 23:01:22,649 - INFO - Trial 12, Epoch 58/100, Val Balanced Acc: 0.5925, LR: 0.0000834
2025-05-23 23:01:36,394 - INFO - Trial 12, Epoch 59/100, Val Balanced Acc: 0.5856, LR: 0.0000801
2025-05-23 23:01:49,762 - INFO - Trial 12, Epoch 60/100, Val Balanced Acc: 0.6267, LR: 0.0000767
2025-05-23 23:02:03,155 - INFO - Trial 12, Epoch 61/100, Val Balanced Acc: 0.5899, LR: 0.0000734
2025-05-23 23:02:16,590 - INFO - Trial 12, Epoch 62/100, Val Balanced Acc: 0.6019, LR: 0.0000702
2025-05-23 23:02:30,423 - INFO - Trial 12, Epoch 63/100, Val Balanced Acc: 0.6299, LR: 0.0000670
2025-05-23 23:02:44,172 - INFO - Trial 12, Epoch 64/100, Val Balanced Acc: 0.6050, LR: 0.0000638
2025-05-23 23:02:57,895 - INFO - Trial 12, Epoch 65/100, Val Balanced Acc: 0.6155, LR: 0.0000607
2025-05-23 23:03:11,267 - INFO - Trial 12, Epoch 66/100, Val Balanced Acc: 0.6252, LR: 0.0000576
2025-05-23 23:03:24,737 - INFO - Trial 12, Epoch 67/100, Val Balanced Acc: 0.6224, LR: 0.0000546
2025-05-23 23:03:38,333 - INFO - Trial 12, Epoch 68/100, Val Balanced Acc: 0.6309, LR: 0.0000516
2025-05-23 23:03:51,891 - INFO - Trial 12, Epoch 69/100, Val Balanced Acc: 0.6197, LR: 0.0000487
2025-05-23 23:04:05,228 - INFO - Trial 12, Epoch 70/100, Val Balanced Acc: 0.6221, LR: 0.0000459
2025-05-23 23:04:18,738 - INFO - Trial 12, Epoch 71/100, Val Balanced Acc: 0.6316, LR: 0.0000431
2025-05-23 23:04:32,036 - INFO - Trial 12, Epoch 72/100, Val Balanced Acc: 0.6204, LR: 0.0000404
2025-05-23 23:04:45,421 - INFO - Trial 12, Epoch 73/100, Val Balanced Acc: 0.6234, LR: 0.0000377
2025-05-23 23:04:58,894 - INFO - Trial 12, Epoch 74/100, Val Balanced Acc: 0.6215, LR: 0.0000351
2025-05-23 23:05:11,931 - INFO - Trial 12, Epoch 75/100, Val Balanced Acc: 0.6285, LR: 0.0000327
2025-05-23 23:05:25,285 - INFO - Trial 12, Epoch 76/100, Val Balanced Acc: 0.6264, LR: 0.0000302
2025-05-23 23:05:25,285 - INFO - Trial 12: Early stopping at epoch 76.
2025-05-23 23:05:25,304 - INFO - 
--- Trial 13 ---
2025-05-23 23:05:25,304 - INFO - Parametry: {'lr': 0.00045618417925837707, 'hidden_size': 128, 'dropout_val': 0.1891849654048734, 'lstm_dropout_val': 0.2016523990204821, 'weight_decay': 3.639117612407473e-06, 'alpha_class_weighting': 1.1989299891634801, 'batch_size': 32, 'eta_min_scheduler': 3.34923236613014e-07}
2025-05-23 23:05:39,051 - INFO - Trial 13, Epoch 1/100, Val Balanced Acc: 0.2954, LR: 0.0004561
2025-05-23 23:05:52,731 - INFO - Trial 13, Epoch 2/100, Val Balanced Acc: 0.3637, LR: 0.0004557
2025-05-23 23:06:06,453 - INFO - Trial 13, Epoch 3/100, Val Balanced Acc: 0.4266, LR: 0.0004552
2025-05-23 23:06:19,641 - INFO - Trial 13, Epoch 4/100, Val Balanced Acc: 0.4349, LR: 0.0004544
2025-05-23 23:06:33,003 - INFO - Trial 13, Epoch 5/100, Val Balanced Acc: 0.4499, LR: 0.0004534
2025-05-23 23:06:46,700 - INFO - Trial 13, Epoch 6/100, Val Balanced Acc: 0.4303, LR: 0.0004521
2025-05-23 23:07:00,010 - INFO - Trial 13, Epoch 7/100, Val Balanced Acc: 0.4826, LR: 0.0004507
2025-05-23 23:07:13,726 - INFO - Trial 13, Epoch 8/100, Val Balanced Acc: 0.5017, LR: 0.0004490
2025-05-23 23:07:27,252 - INFO - Trial 13, Epoch 9/100, Val Balanced Acc: 0.5126, LR: 0.0004471
2025-05-23 23:07:41,020 - INFO - Trial 13, Epoch 10/100, Val Balanced Acc: 0.5081, LR: 0.0004450
2025-05-23 23:07:54,802 - INFO - Trial 13, Epoch 11/100, Val Balanced Acc: 0.5462, LR: 0.0004427
2025-05-23 23:08:08,475 - INFO - Trial 13, Epoch 12/100, Val Balanced Acc: 0.5321, LR: 0.0004402
2025-05-23 23:08:21,817 - INFO - Trial 13, Epoch 13/100, Val Balanced Acc: 0.5943, LR: 0.0004374
2025-05-23 23:08:35,074 - INFO - Trial 13, Epoch 14/100, Val Balanced Acc: 0.5453, LR: 0.0004345
2025-05-23 23:08:48,493 - INFO - Trial 13, Epoch 15/100, Val Balanced Acc: 0.5259, LR: 0.0004313
2025-05-23 23:09:01,988 - INFO - Trial 13, Epoch 16/100, Val Balanced Acc: 0.5545, LR: 0.0004280
2025-05-23 23:09:15,525 - INFO - Trial 13, Epoch 17/100, Val Balanced Acc: 0.5954, LR: 0.0004244
2025-05-23 23:09:29,098 - INFO - Trial 13, Epoch 18/100, Val Balanced Acc: 0.5841, LR: 0.0004207
2025-05-23 23:09:42,284 - INFO - Trial 13, Epoch 19/100, Val Balanced Acc: 0.5506, LR: 0.0004168
2025-05-23 23:09:55,934 - INFO - Trial 13, Epoch 20/100, Val Balanced Acc: 0.5807, LR: 0.0004127
2025-05-23 23:10:09,215 - INFO - Trial 13, Epoch 21/100, Val Balanced Acc: 0.5654, LR: 0.0004084
2025-05-23 23:10:23,050 - INFO - Trial 13, Epoch 22/100, Val Balanced Acc: 0.6024, LR: 0.0004039
2025-05-23 23:10:36,723 - INFO - Trial 13, Epoch 23/100, Val Balanced Acc: 0.6267, LR: 0.0003992
2025-05-23 23:10:50,556 - INFO - Trial 13, Epoch 24/100, Val Balanced Acc: 0.5930, LR: 0.0003944
2025-05-23 23:11:03,804 - INFO - Trial 13, Epoch 25/100, Val Balanced Acc: 0.5901, LR: 0.0003894
2025-05-23 23:11:17,236 - INFO - Trial 13, Epoch 26/100, Val Balanced Acc: 0.6101, LR: 0.0003843
2025-05-23 23:11:31,062 - INFO - Trial 13, Epoch 27/100, Val Balanced Acc: 0.5755, LR: 0.0003790
2025-05-23 23:11:44,653 - INFO - Trial 13, Epoch 28/100, Val Balanced Acc: 0.5434, LR: 0.0003735
2025-05-23 23:11:58,230 - INFO - Trial 13, Epoch 29/100, Val Balanced Acc: 0.6130, LR: 0.0003680
2025-05-23 23:12:11,801 - INFO - Trial 13, Epoch 30/100, Val Balanced Acc: 0.6094, LR: 0.0003622
2025-05-23 23:12:25,520 - INFO - Trial 13, Epoch 31/100, Val Balanced Acc: 0.6123, LR: 0.0003564
2025-05-23 23:12:38,922 - INFO - Trial 13, Epoch 32/100, Val Balanced Acc: 0.5724, LR: 0.0003504
2025-05-23 23:12:52,385 - INFO - Trial 13, Epoch 33/100, Val Balanced Acc: 0.6265, LR: 0.0003443
2025-05-23 23:13:05,538 - INFO - Trial 13, Epoch 34/100, Val Balanced Acc: 0.6069, LR: 0.0003381
2025-05-23 23:13:19,249 - INFO - Trial 13, Epoch 35/100, Val Balanced Acc: 0.6023, LR: 0.0003317
2025-05-23 23:13:32,496 - INFO - Trial 13, Epoch 36/100, Val Balanced Acc: 0.6176, LR: 0.0003253
2025-05-23 23:13:46,134 - INFO - Trial 13, Epoch 37/100, Val Balanced Acc: 0.6120, LR: 0.0003188
2025-05-23 23:14:00,143 - INFO - Trial 13, Epoch 38/100, Val Balanced Acc: 0.6184, LR: 0.0003122
2025-05-23 23:14:13,587 - INFO - Trial 13, Epoch 39/100, Val Balanced Acc: 0.6205, LR: 0.0003055
2025-05-23 23:14:27,265 - INFO - Trial 13, Epoch 40/100, Val Balanced Acc: 0.6169, LR: 0.0002987
2025-05-23 23:14:40,778 - INFO - Trial 13, Epoch 41/100, Val Balanced Acc: 0.6084, LR: 0.0002918
2025-05-23 23:14:54,228 - INFO - Trial 13, Epoch 42/100, Val Balanced Acc: 0.5840, LR: 0.0002849
2025-05-23 23:15:07,907 - INFO - Trial 13, Epoch 43/100, Val Balanced Acc: 0.5944, LR: 0.0002780
2025-05-23 23:15:07,907 - INFO - Trial 13: Early stopping at epoch 43.
2025-05-23 23:15:07,927 - INFO - 
--- Trial 14 ---
2025-05-23 23:15:07,927 - INFO - Parametry: {'lr': 0.00020551817922362197, 'hidden_size': 128, 'dropout_val': 0.1901255806383494, 'lstm_dropout_val': 0.20173403152198047, 'weight_decay': 3.7019308578386686e-06, 'alpha_class_weighting': 1.0987193923297205, 'batch_size': 32, 'eta_min_scheduler': 1.0181386300710263e-07}
2025-05-23 23:15:21,566 - INFO - Trial 14, Epoch 1/100, Val Balanced Acc: 0.2497, LR: 0.0002055
2025-05-23 23:15:21,586 - INFO - 
--- Trial 15 ---
2025-05-23 23:15:21,586 - INFO - Parametry: {'lr': 0.00016714594900927373, 'hidden_size': 128, 'dropout_val': 0.19399652341174412, 'lstm_dropout_val': 0.09321771604816513, 'weight_decay': 1.0396978422740468e-05, 'alpha_class_weighting': 1.0420047792577216, 'batch_size': 32, 'eta_min_scheduler': 5.275093321237949e-07}
2025-05-23 23:15:35,547 - INFO - Trial 15, Epoch 1/100, Val Balanced Acc: 0.2941, LR: 0.0001671
2025-05-23 23:15:49,353 - INFO - Trial 15, Epoch 2/100, Val Balanced Acc: 0.3432, LR: 0.0001670
2025-05-23 23:16:02,969 - INFO - Trial 15, Epoch 3/100, Val Balanced Acc: 0.3538, LR: 0.0001668
2025-05-23 23:16:16,620 - INFO - Trial 15, Epoch 4/100, Val Balanced Acc: 0.4316, LR: 0.0001665
2025-05-23 23:16:30,220 - INFO - Trial 15, Epoch 5/100, Val Balanced Acc: 0.4114, LR: 0.0001661
2025-05-23 23:16:43,549 - INFO - Trial 15, Epoch 6/100, Val Balanced Acc: 0.4135, LR: 0.0001657
2025-05-23 23:16:57,035 - INFO - Trial 15, Epoch 7/100, Val Balanced Acc: 0.4415, LR: 0.0001651
2025-05-23 23:17:10,572 - INFO - Trial 15, Epoch 8/100, Val Balanced Acc: 0.4954, LR: 0.0001645
2025-05-23 23:17:24,420 - INFO - Trial 15, Epoch 9/100, Val Balanced Acc: 0.4769, LR: 0.0001638
2025-05-23 23:17:37,958 - INFO - Trial 15, Epoch 10/100, Val Balanced Acc: 0.4717, LR: 0.0001631
2025-05-23 23:17:51,617 - INFO - Trial 15, Epoch 11/100, Val Balanced Acc: 0.4459, LR: 0.0001622
2025-05-23 23:18:05,023 - INFO - Trial 15, Epoch 12/100, Val Balanced Acc: 0.4622, LR: 0.0001613
2025-05-23 23:18:18,855 - INFO - Trial 15, Epoch 13/100, Val Balanced Acc: 0.4933, LR: 0.0001603
2025-05-23 23:18:32,429 - INFO - Trial 15, Epoch 14/100, Val Balanced Acc: 0.4885, LR: 0.0001592
2025-05-23 23:18:46,258 - INFO - Trial 15, Epoch 15/100, Val Balanced Acc: 0.4646, LR: 0.0001581
2025-05-23 23:18:59,682 - INFO - Trial 15, Epoch 16/100, Val Balanced Acc: 0.4868, LR: 0.0001568
2025-05-23 23:19:13,244 - INFO - Trial 15, Epoch 17/100, Val Balanced Acc: 0.5148, LR: 0.0001555
2025-05-23 23:19:27,165 - INFO - Trial 15, Epoch 18/100, Val Balanced Acc: 0.4909, LR: 0.0001542
2025-05-23 23:19:40,760 - INFO - Trial 15, Epoch 19/100, Val Balanced Acc: 0.4740, LR: 0.0001527
2025-05-23 23:19:54,256 - INFO - Trial 15, Epoch 20/100, Val Balanced Acc: 0.5199, LR: 0.0001512
2025-05-23 23:20:08,031 - INFO - Trial 15, Epoch 21/100, Val Balanced Acc: 0.5534, LR: 0.0001497
2025-05-23 23:20:21,564 - INFO - Trial 15, Epoch 22/100, Val Balanced Acc: 0.5753, LR: 0.0001480
2025-05-23 23:20:35,358 - INFO - Trial 15, Epoch 23/100, Val Balanced Acc: 0.5491, LR: 0.0001463
2025-05-23 23:20:49,143 - INFO - Trial 15, Epoch 24/100, Val Balanced Acc: 0.5417, LR: 0.0001446
2025-05-23 23:21:03,082 - INFO - Trial 15, Epoch 25/100, Val Balanced Acc: 0.5397, LR: 0.0001427
2025-05-23 23:21:16,886 - INFO - Trial 15, Epoch 26/100, Val Balanced Acc: 0.5705, LR: 0.0001409
2025-05-23 23:21:30,523 - INFO - Trial 15, Epoch 27/100, Val Balanced Acc: 0.5273, LR: 0.0001389
2025-05-23 23:21:44,195 - INFO - Trial 15, Epoch 28/100, Val Balanced Acc: 0.5601, LR: 0.0001369
2025-05-23 23:21:58,166 - INFO - Trial 15, Epoch 29/100, Val Balanced Acc: 0.5422, LR: 0.0001349
2025-05-23 23:22:11,900 - INFO - Trial 15, Epoch 30/100, Val Balanced Acc: 0.5570, LR: 0.0001328
2025-05-23 23:22:25,440 - INFO - Trial 15, Epoch 31/100, Val Balanced Acc: 0.5899, LR: 0.0001307
2025-05-23 23:22:39,220 - INFO - Trial 15, Epoch 32/100, Val Balanced Acc: 0.5711, LR: 0.0001285
2025-05-23 23:22:52,564 - INFO - Trial 15, Epoch 33/100, Val Balanced Acc: 0.5814, LR: 0.0001262
2025-05-23 23:23:06,385 - INFO - Trial 15, Epoch 34/100, Val Balanced Acc: 0.5894, LR: 0.0001240
2025-05-23 23:23:20,043 - INFO - Trial 15, Epoch 35/100, Val Balanced Acc: 0.5809, LR: 0.0001217
2025-05-23 23:23:33,463 - INFO - Trial 15, Epoch 36/100, Val Balanced Acc: 0.5806, LR: 0.0001193
2025-05-23 23:23:47,226 - INFO - Trial 15, Epoch 37/100, Val Balanced Acc: 0.5734, LR: 0.0001169
2025-05-23 23:24:00,927 - INFO - Trial 15, Epoch 38/100, Val Balanced Acc: 0.5790, LR: 0.0001145
2025-05-23 23:24:14,625 - INFO - Trial 15, Epoch 39/100, Val Balanced Acc: 0.5604, LR: 0.0001121
2025-05-23 23:24:27,944 - INFO - Trial 15, Epoch 40/100, Val Balanced Acc: 0.5675, LR: 0.0001096
2025-05-23 23:24:41,301 - INFO - Trial 15, Epoch 41/100, Val Balanced Acc: 0.5883, LR: 0.0001071
2025-05-23 23:24:54,751 - INFO - Trial 15, Epoch 42/100, Val Balanced Acc: 0.5735, LR: 0.0001046
2025-05-23 23:25:08,456 - INFO - Trial 15, Epoch 43/100, Val Balanced Acc: 0.5893, LR: 0.0001020
2025-05-23 23:25:22,131 - INFO - Trial 15, Epoch 44/100, Val Balanced Acc: 0.5979, LR: 0.0000994
2025-05-23 23:25:35,729 - INFO - Trial 15, Epoch 45/100, Val Balanced Acc: 0.5877, LR: 0.0000969
2025-05-23 23:25:49,530 - INFO - Trial 15, Epoch 46/100, Val Balanced Acc: 0.5776, LR: 0.0000943
2025-05-23 23:26:03,146 - INFO - Trial 15, Epoch 47/100, Val Balanced Acc: 0.5843, LR: 0.0000917
2025-05-23 23:26:16,823 - INFO - Trial 15, Epoch 48/100, Val Balanced Acc: 0.5965, LR: 0.0000891
2025-05-23 23:26:30,169 - INFO - Trial 15, Epoch 49/100, Val Balanced Acc: 0.5743, LR: 0.0000865
2025-05-23 23:26:43,866 - INFO - Trial 15, Epoch 50/100, Val Balanced Acc: 0.5211, LR: 0.0000838
2025-05-23 23:26:57,382 - INFO - Trial 15, Epoch 51/100, Val Balanced Acc: 0.5659, LR: 0.0000812
2025-05-23 23:27:10,982 - INFO - Trial 15, Epoch 52/100, Val Balanced Acc: 0.5785, LR: 0.0000786
2025-05-23 23:27:24,642 - INFO - Trial 15, Epoch 53/100, Val Balanced Acc: 0.5814, LR: 0.0000760
2025-05-23 23:27:38,433 - INFO - Trial 15, Epoch 54/100, Val Balanced Acc: 0.5906, LR: 0.0000734
2025-05-23 23:27:52,208 - INFO - Trial 15, Epoch 55/100, Val Balanced Acc: 0.5911, LR: 0.0000708
2025-05-23 23:28:06,148 - INFO - Trial 15, Epoch 56/100, Val Balanced Acc: 0.5681, LR: 0.0000682
2025-05-23 23:28:19,916 - INFO - Trial 15, Epoch 57/100, Val Balanced Acc: 0.5905, LR: 0.0000657
2025-05-23 23:28:33,469 - INFO - Trial 15, Epoch 58/100, Val Balanced Acc: 0.5873, LR: 0.0000631
2025-05-23 23:28:47,098 - INFO - Trial 15, Epoch 59/100, Val Balanced Acc: 0.5880, LR: 0.0000606
2025-05-23 23:29:00,268 - INFO - Trial 15, Epoch 60/100, Val Balanced Acc: 0.6105, LR: 0.0000581
2025-05-23 23:29:13,614 - INFO - Trial 15, Epoch 61/100, Val Balanced Acc: 0.5920, LR: 0.0000556
2025-05-23 23:29:27,386 - INFO - Trial 15, Epoch 62/100, Val Balanced Acc: 0.6059, LR: 0.0000532
2025-05-23 23:29:41,093 - INFO - Trial 15, Epoch 63/100, Val Balanced Acc: 0.5905, LR: 0.0000508
2025-05-23 23:29:54,437 - INFO - Trial 15, Epoch 64/100, Val Balanced Acc: 0.5984, LR: 0.0000484
2025-05-23 23:30:08,096 - INFO - Trial 15, Epoch 65/100, Val Balanced Acc: 0.5819, LR: 0.0000460
2025-05-23 23:30:21,971 - INFO - Trial 15, Epoch 66/100, Val Balanced Acc: 0.6059, LR: 0.0000437
2025-05-23 23:30:35,843 - INFO - Trial 15, Epoch 67/100, Val Balanced Acc: 0.5939, LR: 0.0000414
2025-05-23 23:30:49,556 - INFO - Trial 15, Epoch 68/100, Val Balanced Acc: 0.5833, LR: 0.0000392
2025-05-23 23:31:03,133 - INFO - Trial 15, Epoch 69/100, Val Balanced Acc: 0.6035, LR: 0.0000370
2025-05-23 23:31:16,732 - INFO - Trial 15, Epoch 70/100, Val Balanced Acc: 0.5980, LR: 0.0000349
2025-05-23 23:31:30,512 - INFO - Trial 15, Epoch 71/100, Val Balanced Acc: 0.5784, LR: 0.0000328
2025-05-23 23:31:44,562 - INFO - Trial 15, Epoch 72/100, Val Balanced Acc: 0.5970, LR: 0.0000307
2025-05-23 23:31:58,055 - INFO - Trial 15, Epoch 73/100, Val Balanced Acc: 0.5950, LR: 0.0000287
2025-05-23 23:32:11,771 - INFO - Trial 15, Epoch 74/100, Val Balanced Acc: 0.5912, LR: 0.0000268
2025-05-23 23:32:25,357 - INFO - Trial 15, Epoch 75/100, Val Balanced Acc: 0.6020, LR: 0.0000249
2025-05-23 23:32:39,143 - INFO - Trial 15, Epoch 76/100, Val Balanced Acc: 0.5860, LR: 0.0000231
2025-05-23 23:32:52,653 - INFO - Trial 15, Epoch 77/100, Val Balanced Acc: 0.5939, LR: 0.0000213
2025-05-23 23:33:06,144 - INFO - Trial 15, Epoch 78/100, Val Balanced Acc: 0.5945, LR: 0.0000196
2025-05-23 23:33:30,637 - INFO - Trial 15, Epoch 79/100, Val Balanced Acc: 0.5880, LR: 0.0000180
2025-05-23 23:33:44,716 - INFO - Trial 15, Epoch 80/100, Val Balanced Acc: 0.5873, LR: 0.0000164
2025-05-23 23:33:44,718 - INFO - Trial 15: Early stopping at epoch 80.
2025-05-23 23:33:44,846 - INFO - 
--- Trial 16 ---
2025-05-23 23:33:44,846 - INFO - Parametry: {'lr': 0.00029708660432859753, 'hidden_size': 64, 'dropout_val': 0.17489140215782545, 'lstm_dropout_val': 0.24806737758084466, 'weight_decay': 2.109456272575571e-06, 'alpha_class_weighting': 0.8895940810956666, 'batch_size': 32, 'eta_min_scheduler': 2.3649451841778023e-07}
2025-05-23 23:37:43,028 - INFO - Trial 16, Epoch 1/100, Val Balanced Acc: 0.2264, LR: 0.0002970
2025-05-23 23:37:43,062 - INFO - 
--- Trial 17 ---
2025-05-23 23:37:43,062 - INFO - Parametry: {'lr': 0.0003592531501293382, 'hidden_size': 128, 'dropout_val': 0.39847785334505925, 'lstm_dropout_val': 0.09770547165444873, 'weight_decay': 1.1000421575627712e-06, 'alpha_class_weighting': 0.5125545910047213, 'batch_size': 32, 'eta_min_scheduler': 1.48878679015329e-07}
2025-05-23 23:37:57,956 - INFO - Trial 17, Epoch 1/100, Val Balanced Acc: 0.2412, LR: 0.0003592
2025-05-23 23:37:57,973 - INFO - 
--- Trial 18 ---
2025-05-23 23:37:57,973 - INFO - Parametry: {'lr': 0.00015628905893609626, 'hidden_size': 128, 'dropout_val': 0.22255526744194978, 'lstm_dropout_val': 0.29815068500653513, 'weight_decay': 7.825258690337522e-06, 'alpha_class_weighting': 1.0741985893979653, 'batch_size': 32, 'eta_min_scheduler': 5.792289768107279e-07}
2025-05-23 23:38:12,331 - INFO - Trial 18, Epoch 1/100, Val Balanced Acc: 0.2561, LR: 0.0001563
2025-05-23 23:38:12,346 - INFO - 
--- Trial 19 ---
2025-05-23 23:38:12,346 - INFO - Parametry: {'lr': 0.0003115810779248058, 'hidden_size': 64, 'dropout_val': 0.2763480293548424, 'lstm_dropout_val': 0.18980973975446572, 'weight_decay': 1.9862000455765587e-05, 'alpha_class_weighting': 0.7967493007599752, 'batch_size': 32, 'eta_min_scheduler': 1.800108264319124e-07}
2025-05-23 23:38:25,962 - INFO - Trial 19, Epoch 1/100, Val Balanced Acc: 0.2000, LR: 0.0003115
